<?xml version="1.0" encoding="UTF-8"?>
<testng-results ignored="0" total="200" passed="189" failed="11" skipped="0">
  <reporter-output>
  </reporter-output>
  <suite started-at="2024-04-08T15:05:56 ICT" name="YourTestSuite" finished-at="2024-04-08T15:43:55 ICT" duration-ms="2279164">
    <groups>
    </groups>
    <test started-at="2024-04-08T15:05:56 ICT" name="List Module Test" finished-at="2024-04-08T15:43:55 ICT" duration-ms="2279164">
      <class name="HRMS.positionTest">
        <test-method is-config="true" signature="setUp()[pri:0, instance:HRMS.positionTest@4b40f651]" started-at="2024-04-08T15:05:56 ICT" name="setUp" finished-at="2024-04-08T15:05:56 ICT" duration-ms="3" status="PASS">
          <reporter-output>
          </reporter-output>
        </test-method> <!-- setUp -->
        <test-method is-config="true" signature="startUp()[pri:0, instance:HRMS.positionTest@4b40f651]" started-at="2024-04-08T15:05:56 ICT" name="startUp" finished-at="2024-04-08T15:06:00 ICT" duration-ms="4645" status="PASS">
          <reporter-output>
          </reporter-output>
        </test-method> <!-- startUp -->
        <test-method is-config="true" signature="setUpInstances()[pri:0, instance:HRMS.positionTest@4b40f651]" started-at="2024-04-08T15:06:00 ICT" name="setUpInstances" finished-at="2024-04-08T15:06:00 ICT" duration-ms="3" status="PASS">
          <reporter-output>
          </reporter-output>
        </test-method> <!-- setUpInstances -->
        <test-method signature="createChildPostion()[pri:0, instance:HRMS.positionTest@4b40f651]" started-at="2024-04-08T15:06:00 ICT" name="createChildPostion" finished-at="2024-04-08T15:06:10 ICT" duration-ms="9215" status="PASS">
          <reporter-output>
          </reporter-output>
        </test-method> <!-- createChildPostion -->
        <test-method is-config="true" signature="close()[pri:0, instance:HRMS.positionTest@4b40f651]" started-at="2024-04-08T15:06:10 ICT" name="close" finished-at="2024-04-08T15:06:10 ICT" duration-ms="128" status="PASS">
          <reporter-output>
          </reporter-output>
        </test-method> <!-- close -->
        <test-method is-config="true" signature="startUp()[pri:0, instance:HRMS.positionTest@4b40f651]" started-at="2024-04-08T15:06:10 ICT" name="startUp" finished-at="2024-04-08T15:06:13 ICT" duration-ms="3766" status="PASS">
          <reporter-output>
          </reporter-output>
        </test-method> <!-- startUp -->
        <test-method is-config="true" signature="setUpInstances()[pri:0, instance:HRMS.positionTest@4b40f651]" started-at="2024-04-08T15:06:13 ICT" name="setUpInstances" finished-at="2024-04-08T15:06:13 ICT" duration-ms="2" status="PASS">
          <reporter-output>
          </reporter-output>
        </test-method> <!-- setUpInstances -->
        <test-method signature="createChildPostion()[pri:0, instance:HRMS.positionTest@4b40f651]" started-at="2024-04-08T15:06:13 ICT" name="createChildPostion" finished-at="2024-04-08T15:06:19 ICT" duration-ms="5624" status="PASS">
          <reporter-output>
          </reporter-output>
        </test-method> <!-- createChildPostion -->
        <test-method is-config="true" signature="close()[pri:0, instance:HRMS.positionTest@4b40f651]" started-at="2024-04-08T15:06:19 ICT" name="close" finished-at="2024-04-08T15:06:19 ICT" duration-ms="120" status="PASS">
          <reporter-output>
          </reporter-output>
        </test-method> <!-- close -->
        <test-method is-config="true" signature="startUp()[pri:0, instance:HRMS.positionTest@4b40f651]" started-at="2024-04-08T15:06:19 ICT" name="startUp" finished-at="2024-04-08T15:06:23 ICT" duration-ms="3719" status="PASS">
          <reporter-output>
          </reporter-output>
        </test-method> <!-- startUp -->
        <test-method is-config="true" signature="setUpInstances()[pri:0, instance:HRMS.positionTest@4b40f651]" started-at="2024-04-08T15:06:23 ICT" name="setUpInstances" finished-at="2024-04-08T15:06:23 ICT" duration-ms="1" status="PASS">
          <reporter-output>
          </reporter-output>
        </test-method> <!-- setUpInstances -->
        <test-method signature="createChildPostion()[pri:0, instance:HRMS.positionTest@4b40f651]" started-at="2024-04-08T15:06:23 ICT" name="createChildPostion" finished-at="2024-04-08T15:06:29 ICT" duration-ms="6328" status="PASS">
          <reporter-output>
          </reporter-output>
        </test-method> <!-- createChildPostion -->
        <test-method is-config="true" signature="close()[pri:0, instance:HRMS.positionTest@4b40f651]" started-at="2024-04-08T15:06:29 ICT" name="close" finished-at="2024-04-08T15:06:29 ICT" duration-ms="120" status="PASS">
          <reporter-output>
          </reporter-output>
        </test-method> <!-- close -->
        <test-method is-config="true" signature="startUp()[pri:0, instance:HRMS.positionTest@4b40f651]" started-at="2024-04-08T15:06:29 ICT" name="startUp" finished-at="2024-04-08T15:06:33 ICT" duration-ms="3852" status="PASS">
          <reporter-output>
          </reporter-output>
        </test-method> <!-- startUp -->
        <test-method is-config="true" signature="setUpInstances()[pri:0, instance:HRMS.positionTest@4b40f651]" started-at="2024-04-08T15:06:33 ICT" name="setUpInstances" finished-at="2024-04-08T15:06:33 ICT" duration-ms="2" status="PASS">
          <reporter-output>
          </reporter-output>
        </test-method> <!-- setUpInstances -->
        <test-method signature="createChildPostion()[pri:0, instance:HRMS.positionTest@4b40f651]" started-at="2024-04-08T15:06:33 ICT" name="createChildPostion" finished-at="2024-04-08T15:06:39 ICT" duration-ms="5758" status="PASS">
          <reporter-output>
          </reporter-output>
        </test-method> <!-- createChildPostion -->
        <test-method is-config="true" signature="close()[pri:0, instance:HRMS.positionTest@4b40f651]" started-at="2024-04-08T15:06:39 ICT" name="close" finished-at="2024-04-08T15:06:39 ICT" duration-ms="126" status="PASS">
          <reporter-output>
          </reporter-output>
        </test-method> <!-- close -->
        <test-method is-config="true" signature="startUp()[pri:0, instance:HRMS.positionTest@4b40f651]" started-at="2024-04-08T15:06:39 ICT" name="startUp" finished-at="2024-04-08T15:06:43 ICT" duration-ms="4059" status="PASS">
          <reporter-output>
          </reporter-output>
        </test-method> <!-- startUp -->
        <test-method is-config="true" signature="setUpInstances()[pri:0, instance:HRMS.positionTest@4b40f651]" started-at="2024-04-08T15:06:43 ICT" name="setUpInstances" finished-at="2024-04-08T15:06:43 ICT" duration-ms="1" status="PASS">
          <reporter-output>
          </reporter-output>
        </test-method> <!-- setUpInstances -->
        <test-method signature="createChildPostion()[pri:0, instance:HRMS.positionTest@4b40f651]" started-at="2024-04-08T15:06:43 ICT" name="createChildPostion" finished-at="2024-04-08T15:06:50 ICT" duration-ms="7203" status="PASS">
          <reporter-output>
          </reporter-output>
        </test-method> <!-- createChildPostion -->
        <test-method is-config="true" signature="close()[pri:0, instance:HRMS.positionTest@4b40f651]" started-at="2024-04-08T15:06:50 ICT" name="close" finished-at="2024-04-08T15:06:50 ICT" duration-ms="117" status="PASS">
          <reporter-output>
          </reporter-output>
        </test-method> <!-- close -->
        <test-method is-config="true" signature="startUp()[pri:0, instance:HRMS.positionTest@4b40f651]" started-at="2024-04-08T15:06:50 ICT" name="startUp" finished-at="2024-04-08T15:06:55 ICT" duration-ms="4079" status="PASS">
          <reporter-output>
          </reporter-output>
        </test-method> <!-- startUp -->
        <test-method is-config="true" signature="setUpInstances()[pri:0, instance:HRMS.positionTest@4b40f651]" started-at="2024-04-08T15:06:55 ICT" name="setUpInstances" finished-at="2024-04-08T15:06:55 ICT" duration-ms="1" status="PASS">
          <reporter-output>
          </reporter-output>
        </test-method> <!-- setUpInstances -->
        <test-method signature="createChildPostion()[pri:0, instance:HRMS.positionTest@4b40f651]" started-at="2024-04-08T15:06:55 ICT" name="createChildPostion" finished-at="2024-04-08T15:07:00 ICT" duration-ms="5362" status="PASS">
          <reporter-output>
          </reporter-output>
        </test-method> <!-- createChildPostion -->
        <test-method is-config="true" signature="close()[pri:0, instance:HRMS.positionTest@4b40f651]" started-at="2024-04-08T15:07:00 ICT" name="close" finished-at="2024-04-08T15:07:00 ICT" duration-ms="122" status="PASS">
          <reporter-output>
          </reporter-output>
        </test-method> <!-- close -->
        <test-method is-config="true" signature="startUp()[pri:0, instance:HRMS.positionTest@4b40f651]" started-at="2024-04-08T15:07:00 ICT" name="startUp" finished-at="2024-04-08T15:07:04 ICT" duration-ms="4425" status="PASS">
          <reporter-output>
          </reporter-output>
        </test-method> <!-- startUp -->
        <test-method is-config="true" signature="setUpInstances()[pri:0, instance:HRMS.positionTest@4b40f651]" started-at="2024-04-08T15:07:04 ICT" name="setUpInstances" finished-at="2024-04-08T15:07:04 ICT" duration-ms="0" status="PASS">
          <reporter-output>
          </reporter-output>
        </test-method> <!-- setUpInstances -->
        <test-method signature="createChildPostion()[pri:0, instance:HRMS.positionTest@4b40f651]" started-at="2024-04-08T15:07:04 ICT" name="createChildPostion" finished-at="2024-04-08T15:07:13 ICT" duration-ms="8614" status="PASS">
          <reporter-output>
          </reporter-output>
        </test-method> <!-- createChildPostion -->
        <test-method is-config="true" signature="close()[pri:0, instance:HRMS.positionTest@4b40f651]" started-at="2024-04-08T15:07:13 ICT" name="close" finished-at="2024-04-08T15:07:13 ICT" duration-ms="116" status="PASS">
          <reporter-output>
          </reporter-output>
        </test-method> <!-- close -->
        <test-method is-config="true" signature="startUp()[pri:0, instance:HRMS.positionTest@4b40f651]" started-at="2024-04-08T15:07:13 ICT" name="startUp" finished-at="2024-04-08T15:07:17 ICT" duration-ms="3829" status="PASS">
          <reporter-output>
          </reporter-output>
        </test-method> <!-- startUp -->
        <test-method is-config="true" signature="setUpInstances()[pri:0, instance:HRMS.positionTest@4b40f651]" started-at="2024-04-08T15:07:17 ICT" name="setUpInstances" finished-at="2024-04-08T15:07:17 ICT" duration-ms="1" status="PASS">
          <reporter-output>
          </reporter-output>
        </test-method> <!-- setUpInstances -->
        <test-method signature="createChildPostion()[pri:0, instance:HRMS.positionTest@4b40f651]" started-at="2024-04-08T15:07:17 ICT" name="createChildPostion" finished-at="2024-04-08T15:07:23 ICT" duration-ms="5896" status="FAIL">
          <exception class="org.openqa.selenium.ElementClickInterceptedException">
            <message>
              <![CDATA[element click intercepted: Element <svg class="MuiSvgIcon-root MuiSvgIcon-fontSizeMedium css-i4bv87-MuiSvgIcon-root" focusable="false" aria-hidden="true" viewBox="0 0 24 24" data-testid="KeyboardArrowRightIcon">...</svg> is not clickable at point (1456, 649). Other element would receive the click: <div class="MuiTablePagination-actions">...</div>
  (Session info: chrome=123.0.6312.106)
Build info: version: '4.13.0', revision: 'ba948ece5b*'
System info: os.name: 'Windows 11', os.arch: 'amd64', os.version: '10.0', java.version: '17.0.9'
Driver info: org.openqa.selenium.chrome.ChromeDriver
Command: [0485334d1c457aabdc172b2b21c740a4, clickElement {id=f.D2851BF7B58C06A56CB27CF441CBE1FD.d.0D32D7714BB8E1B01858AB8BF1A8871C.e.1602}]
Capabilities {acceptInsecureCerts: false, browserName: chrome, browserVersion: 123.0.6312.106, chrome: {chromedriverVersion: 123.0.6312.105 (399174dbe6e..., userDataDir: C:\Users\ITTEST\AppData\Loc...}, fedcm:accounts: true, goog:chromeOptions: {debuggerAddress: localhost:59211}, networkConnectionEnabled: false, pageLoadStrategy: normal, platformName: windows, proxy: Proxy(), se:cdp: ws://localhost:59211/devtoo..., se:cdpVersion: 123.0.6312.106, setWindowRect: true, strictFileInteractability: false, timeouts: {implicit: 0, pageLoad: 300000, script: 30000}, unhandledPromptBehavior: dismiss and notify, webauthn:extension:credBlob: true, webauthn:extension:largeBlob: true, webauthn:extension:minPinLength: true, webauthn:extension:prf: true, webauthn:virtualAuthenticators: true}
Element: [[ChromeDriver: chrome on windows (0485334d1c457aabdc172b2b21c740a4)] -> css selector: svg[data-testid='KeyboardArrowRightIcon']]
Session ID: 0485334d1c457aabdc172b2b21c740a4]]>
            </message>
            <full-stacktrace>
              <![CDATA[org.openqa.selenium.ElementClickInterceptedException: element click intercepted: Element <svg class="MuiSvgIcon-root MuiSvgIcon-fontSizeMedium css-i4bv87-MuiSvgIcon-root" focusable="false" aria-hidden="true" viewBox="0 0 24 24" data-testid="KeyboardArrowRightIcon">...</svg> is not clickable at point (1456, 649). Other element would receive the click: <div class="MuiTablePagination-actions">...</div>
  (Session info: chrome=123.0.6312.106)
Build info: version: '4.13.0', revision: 'ba948ece5b*'
System info: os.name: 'Windows 11', os.arch: 'amd64', os.version: '10.0', java.version: '17.0.9'
Driver info: org.openqa.selenium.chrome.ChromeDriver
Command: [0485334d1c457aabdc172b2b21c740a4, clickElement {id=f.D2851BF7B58C06A56CB27CF441CBE1FD.d.0D32D7714BB8E1B01858AB8BF1A8871C.e.1602}]
Capabilities {acceptInsecureCerts: false, browserName: chrome, browserVersion: 123.0.6312.106, chrome: {chromedriverVersion: 123.0.6312.105 (399174dbe6e..., userDataDir: C:\Users\ITTEST\AppData\Loc...}, fedcm:accounts: true, goog:chromeOptions: {debuggerAddress: localhost:59211}, networkConnectionEnabled: false, pageLoadStrategy: normal, platformName: windows, proxy: Proxy(), se:cdp: ws://localhost:59211/devtoo..., se:cdpVersion: 123.0.6312.106, setWindowRect: true, strictFileInteractability: false, timeouts: {implicit: 0, pageLoad: 300000, script: 30000}, unhandledPromptBehavior: dismiss and notify, webauthn:extension:credBlob: true, webauthn:extension:largeBlob: true, webauthn:extension:minPinLength: true, webauthn:extension:prf: true, webauthn:virtualAuthenticators: true}
Element: [[ChromeDriver: chrome on windows (0485334d1c457aabdc172b2b21c740a4)] -> css selector: svg[data-testid='KeyboardArrowRightIcon']]
Session ID: 0485334d1c457aabdc172b2b21c740a4
at java.base/jdk.internal.reflect.NativeConstructorAccessorImpl.newInstance0(Native Method)
at java.base/jdk.internal.reflect.NativeConstructorAccessorImpl.newInstance(NativeConstructorAccessorImpl.java:77)
at java.base/jdk.internal.reflect.DelegatingConstructorAccessorImpl.newInstance(DelegatingConstructorAccessorImpl.java:45)
at java.base/java.lang.reflect.Constructor.newInstanceWithCaller(Constructor.java:499)
at java.base/java.lang.reflect.Constructor.newInstance(Constructor.java:480)
at org.openqa.selenium.remote.codec.w3c.W3CHttpResponseCodec.createException(W3CHttpResponseCodec.java:200)
at org.openqa.selenium.remote.codec.w3c.W3CHttpResponseCodec.decode(W3CHttpResponseCodec.java:133)
at org.openqa.selenium.remote.codec.w3c.W3CHttpResponseCodec.decode(W3CHttpResponseCodec.java:52)
at org.openqa.selenium.remote.HttpCommandExecutor.execute(HttpCommandExecutor.java:191)
at org.openqa.selenium.remote.service.DriverCommandExecutor.invokeExecute(DriverCommandExecutor.java:196)
at org.openqa.selenium.remote.service.DriverCommandExecutor.execute(DriverCommandExecutor.java:171)
at org.openqa.selenium.remote.RemoteWebDriver.execute(RemoteWebDriver.java:602)
at org.openqa.selenium.remote.RemoteWebElement.execute(RemoteWebElement.java:224)
at org.openqa.selenium.remote.RemoteWebElement.click(RemoteWebElement.java:77)
at jdk.internal.reflect.GeneratedMethodAccessor1.invoke(Unknown Source)
at java.base/jdk.internal.reflect.DelegatingMethodAccessorImpl.invoke(DelegatingMethodAccessorImpl.java:43)
at java.base/java.lang.reflect.Method.invoke(Method.java:568)
at org.openqa.selenium.support.pagefactory.internal.LocatingElementHandler.invoke(LocatingElementHandler.java:51)
at jdk.proxy2/jdk.proxy2.$Proxy19.click(Unknown Source)
at HRMS.PositionAndCoreCompetency.createRandomChildPosition(PositionAndCoreCompetency.java:129)
at HRMS.positionTest.createChildPostion(positionTest.java:35)
at java.base/jdk.internal.reflect.NativeMethodAccessorImpl.invoke0(Native Method)
at java.base/jdk.internal.reflect.NativeMethodAccessorImpl.invoke(NativeMethodAccessorImpl.java:77)
at java.base/jdk.internal.reflect.DelegatingMethodAccessorImpl.invoke(DelegatingMethodAccessorImpl.java:43)
at java.base/java.lang.reflect.Method.invoke(Method.java:568)
at org.testng.internal.MethodInvocationHelper.invokeMethod(MethodInvocationHelper.java:133)
at org.testng.internal.TestInvoker.invokeMethod(TestInvoker.java:598)
at org.testng.internal.TestInvoker.invokeTestMethod(TestInvoker.java:173)
at org.testng.internal.MethodRunner.runInSequence(MethodRunner.java:46)
at org.testng.internal.TestInvoker$MethodInvocationAgent.invoke(TestInvoker.java:824)
at org.testng.internal.TestInvoker.invokeTestMethods(TestInvoker.java:146)
at org.testng.internal.TestMethodWorker.invokeTestMethods(TestMethodWorker.java:146)
at org.testng.internal.TestMethodWorker.run(TestMethodWorker.java:128)
at java.base/java.util.ArrayList.forEach(ArrayList.java:1511)
at org.testng.TestRunner.privateRun(TestRunner.java:794)
at org.testng.TestRunner.run(TestRunner.java:596)
at org.testng.SuiteRunner.runTest(SuiteRunner.java:377)
at org.testng.SuiteRunner.runSequentially(SuiteRunner.java:371)
at org.testng.SuiteRunner.privateRun(SuiteRunner.java:332)
at org.testng.SuiteRunner.run(SuiteRunner.java:276)
at org.testng.SuiteRunnerWorker.runSuite(SuiteRunnerWorker.java:53)
at org.testng.SuiteRunnerWorker.run(SuiteRunnerWorker.java:96)
at org.testng.TestNG.runSuitesSequentially(TestNG.java:1212)
at org.testng.TestNG.runSuitesLocally(TestNG.java:1134)
at org.testng.TestNG.runSuites(TestNG.java:1063)
at org.testng.TestNG.run(TestNG.java:1031)
at org.testng.remote.AbstractRemoteTestNG.run(AbstractRemoteTestNG.java:115)
at org.testng.remote.RemoteTestNG.initAndRun(RemoteTestNG.java:251)
at org.testng.remote.RemoteTestNG.main(RemoteTestNG.java:77)
]]>
            </full-stacktrace>
          </exception> <!-- org.openqa.selenium.ElementClickInterceptedException -->
          <reporter-output>
          </reporter-output>
        </test-method> <!-- createChildPostion -->
        <test-method is-config="true" signature="close()[pri:0, instance:HRMS.positionTest@4b40f651]" started-at="2024-04-08T15:07:23 ICT" name="close" finished-at="2024-04-08T15:07:23 ICT" duration-ms="121" status="PASS">
          <reporter-output>
          </reporter-output>
        </test-method> <!-- close -->
        <test-method is-config="true" signature="startUp()[pri:0, instance:HRMS.positionTest@4b40f651]" started-at="2024-04-08T15:07:23 ICT" name="startUp" finished-at="2024-04-08T15:07:27 ICT" duration-ms="3697" status="PASS">
          <reporter-output>
          </reporter-output>
        </test-method> <!-- startUp -->
        <test-method is-config="true" signature="setUpInstances()[pri:0, instance:HRMS.positionTest@4b40f651]" started-at="2024-04-08T15:07:27 ICT" name="setUpInstances" finished-at="2024-04-08T15:07:27 ICT" duration-ms="0" status="PASS">
          <reporter-output>
          </reporter-output>
        </test-method> <!-- setUpInstances -->
        <test-method signature="createChildPostion()[pri:0, instance:HRMS.positionTest@4b40f651]" started-at="2024-04-08T15:07:27 ICT" name="createChildPostion" finished-at="2024-04-08T15:07:32 ICT" duration-ms="5048" status="PASS">
          <reporter-output>
          </reporter-output>
        </test-method> <!-- createChildPostion -->
        <test-method is-config="true" signature="close()[pri:0, instance:HRMS.positionTest@4b40f651]" started-at="2024-04-08T15:07:32 ICT" name="close" finished-at="2024-04-08T15:07:32 ICT" duration-ms="120" status="PASS">
          <reporter-output>
          </reporter-output>
        </test-method> <!-- close -->
        <test-method is-config="true" signature="startUp()[pri:0, instance:HRMS.positionTest@4b40f651]" started-at="2024-04-08T15:07:32 ICT" name="startUp" finished-at="2024-04-08T15:07:36 ICT" duration-ms="3840" status="PASS">
          <reporter-output>
          </reporter-output>
        </test-method> <!-- startUp -->
        <test-method signature="createChildPostion()[pri:0, instance:HRMS.positionTest@4b40f651]" started-at="2024-04-08T15:07:36 ICT" name="createChildPostion" finished-at="2024-04-08T15:07:42 ICT" duration-ms="5766" status="PASS">
          <reporter-output>
          </reporter-output>
        </test-method> <!-- createChildPostion -->
        <test-method is-config="true" signature="setUpInstances()[pri:0, instance:HRMS.positionTest@4b40f651]" started-at="2024-04-08T15:07:36 ICT" name="setUpInstances" finished-at="2024-04-08T15:07:36 ICT" duration-ms="0" status="PASS">
          <reporter-output>
          </reporter-output>
        </test-method> <!-- setUpInstances -->
        <test-method is-config="true" signature="close()[pri:0, instance:HRMS.positionTest@4b40f651]" started-at="2024-04-08T15:07:42 ICT" name="close" finished-at="2024-04-08T15:07:42 ICT" duration-ms="163" status="PASS">
          <reporter-output>
          </reporter-output>
        </test-method> <!-- close -->
        <test-method is-config="true" signature="startUp()[pri:0, instance:HRMS.positionTest@4b40f651]" started-at="2024-04-08T15:07:42 ICT" name="startUp" finished-at="2024-04-08T15:07:46 ICT" duration-ms="3886" status="PASS">
          <reporter-output>
          </reporter-output>
        </test-method> <!-- startUp -->
        <test-method is-config="true" signature="setUpInstances()[pri:0, instance:HRMS.positionTest@4b40f651]" started-at="2024-04-08T15:07:46 ICT" name="setUpInstances" finished-at="2024-04-08T15:07:46 ICT" duration-ms="1" status="PASS">
          <reporter-output>
          </reporter-output>
        </test-method> <!-- setUpInstances -->
        <test-method signature="createChildPostion()[pri:0, instance:HRMS.positionTest@4b40f651]" started-at="2024-04-08T15:07:46 ICT" name="createChildPostion" finished-at="2024-04-08T15:07:52 ICT" duration-ms="6444" status="PASS">
          <reporter-output>
          </reporter-output>
        </test-method> <!-- createChildPostion -->
        <test-method is-config="true" signature="close()[pri:0, instance:HRMS.positionTest@4b40f651]" started-at="2024-04-08T15:07:52 ICT" name="close" finished-at="2024-04-08T15:07:52 ICT" duration-ms="116" status="PASS">
          <reporter-output>
          </reporter-output>
        </test-method> <!-- close -->
        <test-method is-config="true" signature="startUp()[pri:0, instance:HRMS.positionTest@4b40f651]" started-at="2024-04-08T15:07:52 ICT" name="startUp" finished-at="2024-04-08T15:07:56 ICT" duration-ms="3785" status="PASS">
          <reporter-output>
          </reporter-output>
        </test-method> <!-- startUp -->
        <test-method signature="createChildPostion()[pri:0, instance:HRMS.positionTest@4b40f651]" started-at="2024-04-08T15:07:56 ICT" name="createChildPostion" finished-at="2024-04-08T15:08:06 ICT" duration-ms="9826" status="PASS">
          <reporter-output>
          </reporter-output>
        </test-method> <!-- createChildPostion -->
        <test-method is-config="true" signature="setUpInstances()[pri:0, instance:HRMS.positionTest@4b40f651]" started-at="2024-04-08T15:07:56 ICT" name="setUpInstances" finished-at="2024-04-08T15:07:56 ICT" duration-ms="0" status="PASS">
          <reporter-output>
          </reporter-output>
        </test-method> <!-- setUpInstances -->
        <test-method is-config="true" signature="close()[pri:0, instance:HRMS.positionTest@4b40f651]" started-at="2024-04-08T15:08:06 ICT" name="close" finished-at="2024-04-08T15:08:06 ICT" duration-ms="132" status="PASS">
          <reporter-output>
          </reporter-output>
        </test-method> <!-- close -->
        <test-method is-config="true" signature="startUp()[pri:0, instance:HRMS.positionTest@4b40f651]" started-at="2024-04-08T15:08:06 ICT" name="startUp" finished-at="2024-04-08T15:08:10 ICT" duration-ms="3980" status="PASS">
          <reporter-output>
          </reporter-output>
        </test-method> <!-- startUp -->
        <test-method signature="createChildPostion()[pri:0, instance:HRMS.positionTest@4b40f651]" started-at="2024-04-08T15:08:10 ICT" name="createChildPostion" finished-at="2024-04-08T15:08:15 ICT" duration-ms="5242" status="PASS">
          <reporter-output>
          </reporter-output>
        </test-method> <!-- createChildPostion -->
        <test-method is-config="true" signature="setUpInstances()[pri:0, instance:HRMS.positionTest@4b40f651]" started-at="2024-04-08T15:08:10 ICT" name="setUpInstances" finished-at="2024-04-08T15:08:10 ICT" duration-ms="0" status="PASS">
          <reporter-output>
          </reporter-output>
        </test-method> <!-- setUpInstances -->
        <test-method is-config="true" signature="close()[pri:0, instance:HRMS.positionTest@4b40f651]" started-at="2024-04-08T15:08:15 ICT" name="close" finished-at="2024-04-08T15:08:15 ICT" duration-ms="115" status="PASS">
          <reporter-output>
          </reporter-output>
        </test-method> <!-- close -->
        <test-method is-config="true" signature="startUp()[pri:0, instance:HRMS.positionTest@4b40f651]" started-at="2024-04-08T15:08:15 ICT" name="startUp" finished-at="2024-04-08T15:08:19 ICT" duration-ms="3839" status="PASS">
          <reporter-output>
          </reporter-output>
        </test-method> <!-- startUp -->
        <test-method signature="createChildPostion()[pri:0, instance:HRMS.positionTest@4b40f651]" started-at="2024-04-08T15:08:19 ICT" name="createChildPostion" finished-at="2024-04-08T15:08:25 ICT" duration-ms="6070" status="PASS">
          <reporter-output>
          </reporter-output>
        </test-method> <!-- createChildPostion -->
        <test-method is-config="true" signature="setUpInstances()[pri:0, instance:HRMS.positionTest@4b40f651]" started-at="2024-04-08T15:08:19 ICT" name="setUpInstances" finished-at="2024-04-08T15:08:19 ICT" duration-ms="0" status="PASS">
          <reporter-output>
          </reporter-output>
        </test-method> <!-- setUpInstances -->
        <test-method is-config="true" signature="close()[pri:0, instance:HRMS.positionTest@4b40f651]" started-at="2024-04-08T15:08:25 ICT" name="close" finished-at="2024-04-08T15:08:25 ICT" duration-ms="108" status="PASS">
          <reporter-output>
          </reporter-output>
        </test-method> <!-- close -->
        <test-method is-config="true" signature="startUp()[pri:0, instance:HRMS.positionTest@4b40f651]" started-at="2024-04-08T15:08:25 ICT" name="startUp" finished-at="2024-04-08T15:08:29 ICT" duration-ms="3932" status="PASS">
          <reporter-output>
          </reporter-output>
        </test-method> <!-- startUp -->
        <test-method is-config="true" signature="setUpInstances()[pri:0, instance:HRMS.positionTest@4b40f651]" started-at="2024-04-08T15:08:29 ICT" name="setUpInstances" finished-at="2024-04-08T15:08:29 ICT" duration-ms="0" status="PASS">
          <reporter-output>
          </reporter-output>
        </test-method> <!-- setUpInstances -->
        <test-method signature="createChildPostion()[pri:0, instance:HRMS.positionTest@4b40f651]" started-at="2024-04-08T15:08:29 ICT" name="createChildPostion" finished-at="2024-04-08T15:08:36 ICT" duration-ms="6700" status="PASS">
          <reporter-output>
          </reporter-output>
        </test-method> <!-- createChildPostion -->
        <test-method is-config="true" signature="close()[pri:0, instance:HRMS.positionTest@4b40f651]" started-at="2024-04-08T15:08:36 ICT" name="close" finished-at="2024-04-08T15:08:36 ICT" duration-ms="123" status="PASS">
          <reporter-output>
          </reporter-output>
        </test-method> <!-- close -->
        <test-method is-config="true" signature="startUp()[pri:0, instance:HRMS.positionTest@4b40f651]" started-at="2024-04-08T15:08:36 ICT" name="startUp" finished-at="2024-04-08T15:08:40 ICT" duration-ms="3851" status="PASS">
          <reporter-output>
          </reporter-output>
        </test-method> <!-- startUp -->
        <test-method is-config="true" signature="setUpInstances()[pri:0, instance:HRMS.positionTest@4b40f651]" started-at="2024-04-08T15:08:40 ICT" name="setUpInstances" finished-at="2024-04-08T15:08:40 ICT" duration-ms="1" status="PASS">
          <reporter-output>
          </reporter-output>
        </test-method> <!-- setUpInstances -->
        <test-method signature="createChildPostion()[pri:0, instance:HRMS.positionTest@4b40f651]" started-at="2024-04-08T15:08:40 ICT" name="createChildPostion" finished-at="2024-04-08T15:08:46 ICT" duration-ms="6410" status="PASS">
          <reporter-output>
          </reporter-output>
        </test-method> <!-- createChildPostion -->
        <test-method is-config="true" signature="close()[pri:0, instance:HRMS.positionTest@4b40f651]" started-at="2024-04-08T15:08:46 ICT" name="close" finished-at="2024-04-08T15:08:46 ICT" duration-ms="111" status="PASS">
          <reporter-output>
          </reporter-output>
        </test-method> <!-- close -->
        <test-method is-config="true" signature="startUp()[pri:0, instance:HRMS.positionTest@4b40f651]" started-at="2024-04-08T15:08:46 ICT" name="startUp" finished-at="2024-04-08T15:08:51 ICT" duration-ms="4093" status="PASS">
          <reporter-output>
          </reporter-output>
        </test-method> <!-- startUp -->
        <test-method is-config="true" signature="setUpInstances()[pri:0, instance:HRMS.positionTest@4b40f651]" started-at="2024-04-08T15:08:51 ICT" name="setUpInstances" finished-at="2024-04-08T15:08:51 ICT" duration-ms="1" status="PASS">
          <reporter-output>
          </reporter-output>
        </test-method> <!-- setUpInstances -->
        <test-method signature="createChildPostion()[pri:0, instance:HRMS.positionTest@4b40f651]" started-at="2024-04-08T15:08:51 ICT" name="createChildPostion" finished-at="2024-04-08T15:08:57 ICT" duration-ms="6297" status="PASS">
          <reporter-output>
          </reporter-output>
        </test-method> <!-- createChildPostion -->
        <test-method is-config="true" signature="close()[pri:0, instance:HRMS.positionTest@4b40f651]" started-at="2024-04-08T15:08:57 ICT" name="close" finished-at="2024-04-08T15:08:57 ICT" duration-ms="129" status="PASS">
          <reporter-output>
          </reporter-output>
        </test-method> <!-- close -->
        <test-method is-config="true" signature="startUp()[pri:0, instance:HRMS.positionTest@4b40f651]" started-at="2024-04-08T15:08:57 ICT" name="startUp" finished-at="2024-04-08T15:09:01 ICT" duration-ms="3949" status="PASS">
          <reporter-output>
          </reporter-output>
        </test-method> <!-- startUp -->
        <test-method is-config="true" signature="setUpInstances()[pri:0, instance:HRMS.positionTest@4b40f651]" started-at="2024-04-08T15:09:01 ICT" name="setUpInstances" finished-at="2024-04-08T15:09:01 ICT" duration-ms="0" status="PASS">
          <reporter-output>
          </reporter-output>
        </test-method> <!-- setUpInstances -->
        <test-method signature="createChildPostion()[pri:0, instance:HRMS.positionTest@4b40f651]" started-at="2024-04-08T15:09:01 ICT" name="createChildPostion" finished-at="2024-04-08T15:09:07 ICT" duration-ms="6417" status="PASS">
          <reporter-output>
          </reporter-output>
        </test-method> <!-- createChildPostion -->
        <test-method is-config="true" signature="close()[pri:0, instance:HRMS.positionTest@4b40f651]" started-at="2024-04-08T15:09:07 ICT" name="close" finished-at="2024-04-08T15:09:07 ICT" duration-ms="125" status="PASS">
          <reporter-output>
          </reporter-output>
        </test-method> <!-- close -->
        <test-method is-config="true" signature="startUp()[pri:0, instance:HRMS.positionTest@4b40f651]" started-at="2024-04-08T15:09:07 ICT" name="startUp" finished-at="2024-04-08T15:09:11 ICT" duration-ms="3838" status="PASS">
          <reporter-output>
          </reporter-output>
        </test-method> <!-- startUp -->
        <test-method signature="createChildPostion()[pri:0, instance:HRMS.positionTest@4b40f651]" started-at="2024-04-08T15:09:11 ICT" name="createChildPostion" finished-at="2024-04-08T15:09:17 ICT" duration-ms="5842" status="PASS">
          <reporter-output>
          </reporter-output>
        </test-method> <!-- createChildPostion -->
        <test-method is-config="true" signature="setUpInstances()[pri:0, instance:HRMS.positionTest@4b40f651]" started-at="2024-04-08T15:09:11 ICT" name="setUpInstances" finished-at="2024-04-08T15:09:11 ICT" duration-ms="0" status="PASS">
          <reporter-output>
          </reporter-output>
        </test-method> <!-- setUpInstances -->
        <test-method is-config="true" signature="close()[pri:0, instance:HRMS.positionTest@4b40f651]" started-at="2024-04-08T15:09:17 ICT" name="close" finished-at="2024-04-08T15:09:17 ICT" duration-ms="129" status="PASS">
          <reporter-output>
          </reporter-output>
        </test-method> <!-- close -->
        <test-method is-config="true" signature="startUp()[pri:0, instance:HRMS.positionTest@4b40f651]" started-at="2024-04-08T15:09:17 ICT" name="startUp" finished-at="2024-04-08T15:09:21 ICT" duration-ms="4051" status="PASS">
          <reporter-output>
          </reporter-output>
        </test-method> <!-- startUp -->
        <test-method is-config="true" signature="setUpInstances()[pri:0, instance:HRMS.positionTest@4b40f651]" started-at="2024-04-08T15:09:21 ICT" name="setUpInstances" finished-at="2024-04-08T15:09:21 ICT" duration-ms="1" status="PASS">
          <reporter-output>
          </reporter-output>
        </test-method> <!-- setUpInstances -->
        <test-method signature="createChildPostion()[pri:0, instance:HRMS.positionTest@4b40f651]" started-at="2024-04-08T15:09:21 ICT" name="createChildPostion" finished-at="2024-04-08T15:09:28 ICT" duration-ms="7130" status="PASS">
          <reporter-output>
          </reporter-output>
        </test-method> <!-- createChildPostion -->
        <test-method is-config="true" signature="close()[pri:0, instance:HRMS.positionTest@4b40f651]" started-at="2024-04-08T15:09:28 ICT" name="close" finished-at="2024-04-08T15:09:29 ICT" duration-ms="153" status="PASS">
          <reporter-output>
          </reporter-output>
        </test-method> <!-- close -->
        <test-method is-config="true" signature="startUp()[pri:0, instance:HRMS.positionTest@4b40f651]" started-at="2024-04-08T15:09:29 ICT" name="startUp" finished-at="2024-04-08T15:09:33 ICT" duration-ms="4184" status="PASS">
          <reporter-output>
          </reporter-output>
        </test-method> <!-- startUp -->
        <test-method signature="createChildPostion()[pri:0, instance:HRMS.positionTest@4b40f651]" started-at="2024-04-08T15:09:33 ICT" name="createChildPostion" finished-at="2024-04-08T15:09:40 ICT" duration-ms="7213" status="PASS">
          <reporter-output>
          </reporter-output>
        </test-method> <!-- createChildPostion -->
        <test-method is-config="true" signature="setUpInstances()[pri:0, instance:HRMS.positionTest@4b40f651]" started-at="2024-04-08T15:09:33 ICT" name="setUpInstances" finished-at="2024-04-08T15:09:33 ICT" duration-ms="0" status="PASS">
          <reporter-output>
          </reporter-output>
        </test-method> <!-- setUpInstances -->
        <test-method is-config="true" signature="close()[pri:0, instance:HRMS.positionTest@4b40f651]" started-at="2024-04-08T15:09:40 ICT" name="close" finished-at="2024-04-08T15:09:40 ICT" duration-ms="137" status="PASS">
          <reporter-output>
          </reporter-output>
        </test-method> <!-- close -->
        <test-method is-config="true" signature="startUp()[pri:0, instance:HRMS.positionTest@4b40f651]" started-at="2024-04-08T15:09:40 ICT" name="startUp" finished-at="2024-04-08T15:09:44 ICT" duration-ms="3813" status="PASS">
          <reporter-output>
          </reporter-output>
        </test-method> <!-- startUp -->
        <test-method is-config="true" signature="setUpInstances()[pri:0, instance:HRMS.positionTest@4b40f651]" started-at="2024-04-08T15:09:44 ICT" name="setUpInstances" finished-at="2024-04-08T15:09:44 ICT" duration-ms="1" status="PASS">
          <reporter-output>
          </reporter-output>
        </test-method> <!-- setUpInstances -->
        <test-method signature="createChildPostion()[pri:0, instance:HRMS.positionTest@4b40f651]" started-at="2024-04-08T15:09:44 ICT" name="createChildPostion" finished-at="2024-04-08T15:09:49 ICT" duration-ms="5494" status="PASS">
          <reporter-output>
          </reporter-output>
        </test-method> <!-- createChildPostion -->
        <test-method is-config="true" signature="close()[pri:0, instance:HRMS.positionTest@4b40f651]" started-at="2024-04-08T15:09:49 ICT" name="close" finished-at="2024-04-08T15:09:50 ICT" duration-ms="112" status="PASS">
          <reporter-output>
          </reporter-output>
        </test-method> <!-- close -->
        <test-method is-config="true" signature="startUp()[pri:0, instance:HRMS.positionTest@4b40f651]" started-at="2024-04-08T15:09:50 ICT" name="startUp" finished-at="2024-04-08T15:09:53 ICT" duration-ms="3941" status="PASS">
          <reporter-output>
          </reporter-output>
        </test-method> <!-- startUp -->
        <test-method is-config="true" signature="setUpInstances()[pri:0, instance:HRMS.positionTest@4b40f651]" started-at="2024-04-08T15:09:53 ICT" name="setUpInstances" finished-at="2024-04-08T15:09:53 ICT" duration-ms="1" status="PASS">
          <reporter-output>
          </reporter-output>
        </test-method> <!-- setUpInstances -->
        <test-method signature="createChildPostion()[pri:0, instance:HRMS.positionTest@4b40f651]" started-at="2024-04-08T15:09:53 ICT" name="createChildPostion" finished-at="2024-04-08T15:09:59 ICT" duration-ms="5867" status="PASS">
          <reporter-output>
          </reporter-output>
        </test-method> <!-- createChildPostion -->
        <test-method is-config="true" signature="close()[pri:0, instance:HRMS.positionTest@4b40f651]" started-at="2024-04-08T15:09:59 ICT" name="close" finished-at="2024-04-08T15:09:59 ICT" duration-ms="129" status="PASS">
          <reporter-output>
          </reporter-output>
        </test-method> <!-- close -->
        <test-method is-config="true" signature="startUp()[pri:0, instance:HRMS.positionTest@4b40f651]" started-at="2024-04-08T15:09:59 ICT" name="startUp" finished-at="2024-04-08T15:10:04 ICT" duration-ms="4038" status="PASS">
          <reporter-output>
          </reporter-output>
        </test-method> <!-- startUp -->
        <test-method signature="createChildPostion()[pri:0, instance:HRMS.positionTest@4b40f651]" started-at="2024-04-08T15:10:04 ICT" name="createChildPostion" finished-at="2024-04-08T15:10:10 ICT" duration-ms="6609" status="PASS">
          <reporter-output>
          </reporter-output>
        </test-method> <!-- createChildPostion -->
        <test-method is-config="true" signature="setUpInstances()[pri:0, instance:HRMS.positionTest@4b40f651]" started-at="2024-04-08T15:10:04 ICT" name="setUpInstances" finished-at="2024-04-08T15:10:04 ICT" duration-ms="0" status="PASS">
          <reporter-output>
          </reporter-output>
        </test-method> <!-- setUpInstances -->
        <test-method is-config="true" signature="close()[pri:0, instance:HRMS.positionTest@4b40f651]" started-at="2024-04-08T15:10:10 ICT" name="close" finished-at="2024-04-08T15:10:10 ICT" duration-ms="118" status="PASS">
          <reporter-output>
          </reporter-output>
        </test-method> <!-- close -->
        <test-method is-config="true" signature="startUp()[pri:0, instance:HRMS.positionTest@4b40f651]" started-at="2024-04-08T15:10:10 ICT" name="startUp" finished-at="2024-04-08T15:10:14 ICT" duration-ms="4155" status="PASS">
          <reporter-output>
          </reporter-output>
        </test-method> <!-- startUp -->
        <test-method is-config="true" signature="setUpInstances()[pri:0, instance:HRMS.positionTest@4b40f651]" started-at="2024-04-08T15:10:14 ICT" name="setUpInstances" finished-at="2024-04-08T15:10:14 ICT" duration-ms="1" status="PASS">
          <reporter-output>
          </reporter-output>
        </test-method> <!-- setUpInstances -->
        <test-method signature="createChildPostion()[pri:0, instance:HRMS.positionTest@4b40f651]" started-at="2024-04-08T15:10:14 ICT" name="createChildPostion" finished-at="2024-04-08T15:10:24 ICT" duration-ms="9765" status="PASS">
          <reporter-output>
          </reporter-output>
        </test-method> <!-- createChildPostion -->
        <test-method is-config="true" signature="close()[pri:0, instance:HRMS.positionTest@4b40f651]" started-at="2024-04-08T15:10:24 ICT" name="close" finished-at="2024-04-08T15:10:24 ICT" duration-ms="115" status="PASS">
          <reporter-output>
          </reporter-output>
        </test-method> <!-- close -->
        <test-method is-config="true" signature="startUp()[pri:0, instance:HRMS.positionTest@4b40f651]" started-at="2024-04-08T15:10:24 ICT" name="startUp" finished-at="2024-04-08T15:10:28 ICT" duration-ms="3881" status="PASS">
          <reporter-output>
          </reporter-output>
        </test-method> <!-- startUp -->
        <test-method is-config="true" signature="setUpInstances()[pri:0, instance:HRMS.positionTest@4b40f651]" started-at="2024-04-08T15:10:28 ICT" name="setUpInstances" finished-at="2024-04-08T15:10:28 ICT" duration-ms="1" status="PASS">
          <reporter-output>
          </reporter-output>
        </test-method> <!-- setUpInstances -->
        <test-method signature="createChildPostion()[pri:0, instance:HRMS.positionTest@4b40f651]" started-at="2024-04-08T15:10:28 ICT" name="createChildPostion" finished-at="2024-04-08T15:10:29 ICT" duration-ms="1186" status="FAIL">
          <exception class="org.openqa.selenium.ElementClickInterceptedException">
            <message>
              <![CDATA[element click intercepted: Element <p class="MuiTypography-root MuiTypography-body2 MuiListItemText-primary css-rnafb5-MuiTypography-root">...</p> is not clickable at point (45, 305). Other element would receive the click: <a href="/position-&amp;-Core-competency" style="text-decoration: none; color: inherit; display: flex; align-items: center;">...</a>
  (Session info: chrome=123.0.6312.106)
Build info: version: '4.13.0', revision: 'ba948ece5b*'
System info: os.name: 'Windows 11', os.arch: 'amd64', os.version: '10.0', java.version: '17.0.9'
Driver info: org.openqa.selenium.chrome.ChromeDriver
Command: [55714a1ab5ced49fad3d70580b0bde34, clickElement {id=f.E0DF30A07D37D36823521C5977A0FEEB.d.E559DF5220A0CFD3BD4FA333E6899E45.e.417}]
Capabilities {acceptInsecureCerts: false, browserName: chrome, browserVersion: 123.0.6312.106, chrome: {chromedriverVersion: 123.0.6312.105 (399174dbe6e..., userDataDir: C:\Users\ITTEST\AppData\Loc...}, fedcm:accounts: true, goog:chromeOptions: {debuggerAddress: localhost:59818}, networkConnectionEnabled: false, pageLoadStrategy: normal, platformName: windows, proxy: Proxy(), se:cdp: ws://localhost:59818/devtoo..., se:cdpVersion: 123.0.6312.106, setWindowRect: true, strictFileInteractability: false, timeouts: {implicit: 0, pageLoad: 300000, script: 30000}, unhandledPromptBehavior: dismiss and notify, webauthn:extension:credBlob: true, webauthn:extension:largeBlob: true, webauthn:extension:minPinLength: true, webauthn:extension:prf: true, webauthn:virtualAuthenticators: true}
Element: [[ChromeDriver: chrome on windows (55714a1ab5ced49fad3d70580b0bde34)] -> xpath: //p[contains(text(), 'Core')]]
Session ID: 55714a1ab5ced49fad3d70580b0bde34]]>
            </message>
            <full-stacktrace>
              <![CDATA[org.openqa.selenium.ElementClickInterceptedException: element click intercepted: Element <p class="MuiTypography-root MuiTypography-body2 MuiListItemText-primary css-rnafb5-MuiTypography-root">...</p> is not clickable at point (45, 305). Other element would receive the click: <a href="/position-&amp;-Core-competency" style="text-decoration: none; color: inherit; display: flex; align-items: center;">...</a>
  (Session info: chrome=123.0.6312.106)
Build info: version: '4.13.0', revision: 'ba948ece5b*'
System info: os.name: 'Windows 11', os.arch: 'amd64', os.version: '10.0', java.version: '17.0.9'
Driver info: org.openqa.selenium.chrome.ChromeDriver
Command: [55714a1ab5ced49fad3d70580b0bde34, clickElement {id=f.E0DF30A07D37D36823521C5977A0FEEB.d.E559DF5220A0CFD3BD4FA333E6899E45.e.417}]
Capabilities {acceptInsecureCerts: false, browserName: chrome, browserVersion: 123.0.6312.106, chrome: {chromedriverVersion: 123.0.6312.105 (399174dbe6e..., userDataDir: C:\Users\ITTEST\AppData\Loc...}, fedcm:accounts: true, goog:chromeOptions: {debuggerAddress: localhost:59818}, networkConnectionEnabled: false, pageLoadStrategy: normal, platformName: windows, proxy: Proxy(), se:cdp: ws://localhost:59818/devtoo..., se:cdpVersion: 123.0.6312.106, setWindowRect: true, strictFileInteractability: false, timeouts: {implicit: 0, pageLoad: 300000, script: 30000}, unhandledPromptBehavior: dismiss and notify, webauthn:extension:credBlob: true, webauthn:extension:largeBlob: true, webauthn:extension:minPinLength: true, webauthn:extension:prf: true, webauthn:virtualAuthenticators: true}
Element: [[ChromeDriver: chrome on windows (55714a1ab5ced49fad3d70580b0bde34)] -> xpath: //p[contains(text(), 'Core')]]
Session ID: 55714a1ab5ced49fad3d70580b0bde34
at java.base/jdk.internal.reflect.NativeConstructorAccessorImpl.newInstance0(Native Method)
at java.base/jdk.internal.reflect.NativeConstructorAccessorImpl.newInstance(NativeConstructorAccessorImpl.java:77)
at java.base/jdk.internal.reflect.DelegatingConstructorAccessorImpl.newInstance(DelegatingConstructorAccessorImpl.java:45)
at java.base/java.lang.reflect.Constructor.newInstanceWithCaller(Constructor.java:499)
at java.base/java.lang.reflect.Constructor.newInstance(Constructor.java:480)
at org.openqa.selenium.remote.codec.w3c.W3CHttpResponseCodec.createException(W3CHttpResponseCodec.java:200)
at org.openqa.selenium.remote.codec.w3c.W3CHttpResponseCodec.decode(W3CHttpResponseCodec.java:133)
at org.openqa.selenium.remote.codec.w3c.W3CHttpResponseCodec.decode(W3CHttpResponseCodec.java:52)
at org.openqa.selenium.remote.HttpCommandExecutor.execute(HttpCommandExecutor.java:191)
at org.openqa.selenium.remote.service.DriverCommandExecutor.invokeExecute(DriverCommandExecutor.java:196)
at org.openqa.selenium.remote.service.DriverCommandExecutor.execute(DriverCommandExecutor.java:171)
at org.openqa.selenium.remote.RemoteWebDriver.execute(RemoteWebDriver.java:602)
at org.openqa.selenium.remote.RemoteWebElement.execute(RemoteWebElement.java:224)
at org.openqa.selenium.remote.RemoteWebElement.click(RemoteWebElement.java:77)
at jdk.internal.reflect.GeneratedMethodAccessor1.invoke(Unknown Source)
at java.base/jdk.internal.reflect.DelegatingMethodAccessorImpl.invoke(DelegatingMethodAccessorImpl.java:43)
at java.base/java.lang.reflect.Method.invoke(Method.java:568)
at org.openqa.selenium.support.pagefactory.internal.LocatingElementHandler.invoke(LocatingElementHandler.java:51)
at jdk.proxy2/jdk.proxy2.$Proxy19.click(Unknown Source)
at HRMS.PositionAndCoreCompetency.goToPostionAndCoreCompetencyTab(PositionAndCoreCompetency.java:29)
at HRMS.positionTest.createChildPostion(positionTest.java:32)
at jdk.internal.reflect.GeneratedMethodAccessor14.invoke(Unknown Source)
at java.base/jdk.internal.reflect.DelegatingMethodAccessorImpl.invoke(DelegatingMethodAccessorImpl.java:43)
at java.base/java.lang.reflect.Method.invoke(Method.java:568)
at org.testng.internal.MethodInvocationHelper.invokeMethod(MethodInvocationHelper.java:133)
at org.testng.internal.TestInvoker.invokeMethod(TestInvoker.java:598)
at org.testng.internal.TestInvoker.invokeTestMethod(TestInvoker.java:173)
at org.testng.internal.MethodRunner.runInSequence(MethodRunner.java:46)
at org.testng.internal.TestInvoker$MethodInvocationAgent.invoke(TestInvoker.java:824)
at org.testng.internal.TestInvoker.invokeTestMethods(TestInvoker.java:146)
at org.testng.internal.TestMethodWorker.invokeTestMethods(TestMethodWorker.java:146)
at org.testng.internal.TestMethodWorker.run(TestMethodWorker.java:128)
at java.base/java.util.ArrayList.forEach(ArrayList.java:1511)
at org.testng.TestRunner.privateRun(TestRunner.java:794)
at org.testng.TestRunner.run(TestRunner.java:596)
at org.testng.SuiteRunner.runTest(SuiteRunner.java:377)
at org.testng.SuiteRunner.runSequentially(SuiteRunner.java:371)
at org.testng.SuiteRunner.privateRun(SuiteRunner.java:332)
at org.testng.SuiteRunner.run(SuiteRunner.java:276)
at org.testng.SuiteRunnerWorker.runSuite(SuiteRunnerWorker.java:53)
at org.testng.SuiteRunnerWorker.run(SuiteRunnerWorker.java:96)
at org.testng.TestNG.runSuitesSequentially(TestNG.java:1212)
at org.testng.TestNG.runSuitesLocally(TestNG.java:1134)
at org.testng.TestNG.runSuites(TestNG.java:1063)
at org.testng.TestNG.run(TestNG.java:1031)
at org.testng.remote.AbstractRemoteTestNG.run(AbstractRemoteTestNG.java:115)
at org.testng.remote.RemoteTestNG.initAndRun(RemoteTestNG.java:251)
at org.testng.remote.RemoteTestNG.main(RemoteTestNG.java:77)
]]>
            </full-stacktrace>
          </exception> <!-- org.openqa.selenium.ElementClickInterceptedException -->
          <reporter-output>
          </reporter-output>
        </test-method> <!-- createChildPostion -->
        <test-method is-config="true" signature="close()[pri:0, instance:HRMS.positionTest@4b40f651]" started-at="2024-04-08T15:10:29 ICT" name="close" finished-at="2024-04-08T15:10:30 ICT" duration-ms="115" status="PASS">
          <reporter-output>
          </reporter-output>
        </test-method> <!-- close -->
        <test-method is-config="true" signature="startUp()[pri:0, instance:HRMS.positionTest@4b40f651]" started-at="2024-04-08T15:10:30 ICT" name="startUp" finished-at="2024-04-08T15:10:34 ICT" duration-ms="3983" status="PASS">
          <reporter-output>
          </reporter-output>
        </test-method> <!-- startUp -->
        <test-method is-config="true" signature="setUpInstances()[pri:0, instance:HRMS.positionTest@4b40f651]" started-at="2024-04-08T15:10:34 ICT" name="setUpInstances" finished-at="2024-04-08T15:10:34 ICT" duration-ms="1" status="PASS">
          <reporter-output>
          </reporter-output>
        </test-method> <!-- setUpInstances -->
        <test-method signature="createChildPostion()[pri:0, instance:HRMS.positionTest@4b40f651]" started-at="2024-04-08T15:10:34 ICT" name="createChildPostion" finished-at="2024-04-08T15:10:43 ICT" duration-ms="9474" status="PASS">
          <reporter-output>
          </reporter-output>
        </test-method> <!-- createChildPostion -->
        <test-method is-config="true" signature="close()[pri:0, instance:HRMS.positionTest@4b40f651]" started-at="2024-04-08T15:10:43 ICT" name="close" finished-at="2024-04-08T15:10:43 ICT" duration-ms="114" status="PASS">
          <reporter-output>
          </reporter-output>
        </test-method> <!-- close -->
        <test-method is-config="true" signature="startUp()[pri:0, instance:HRMS.positionTest@4b40f651]" started-at="2024-04-08T15:10:43 ICT" name="startUp" finished-at="2024-04-08T15:10:47 ICT" duration-ms="3760" status="PASS">
          <reporter-output>
          </reporter-output>
        </test-method> <!-- startUp -->
        <test-method is-config="true" signature="setUpInstances()[pri:0, instance:HRMS.positionTest@4b40f651]" started-at="2024-04-08T15:10:47 ICT" name="setUpInstances" finished-at="2024-04-08T15:10:47 ICT" duration-ms="1" status="PASS">
          <reporter-output>
          </reporter-output>
        </test-method> <!-- setUpInstances -->
        <test-method signature="createChildPostion()[pri:0, instance:HRMS.positionTest@4b40f651]" started-at="2024-04-08T15:10:47 ICT" name="createChildPostion" finished-at="2024-04-08T15:10:52 ICT" duration-ms="5261" status="PASS">
          <reporter-output>
          </reporter-output>
        </test-method> <!-- createChildPostion -->
        <test-method is-config="true" signature="close()[pri:0, instance:HRMS.positionTest@4b40f651]" started-at="2024-04-08T15:10:52 ICT" name="close" finished-at="2024-04-08T15:10:52 ICT" duration-ms="131" status="PASS">
          <reporter-output>
          </reporter-output>
        </test-method> <!-- close -->
        <test-method is-config="true" signature="startUp()[pri:0, instance:HRMS.positionTest@4b40f651]" started-at="2024-04-08T15:10:52 ICT" name="startUp" finished-at="2024-04-08T15:10:57 ICT" duration-ms="4301" status="PASS">
          <reporter-output>
          </reporter-output>
        </test-method> <!-- startUp -->
        <test-method is-config="true" signature="setUpInstances()[pri:0, instance:HRMS.positionTest@4b40f651]" started-at="2024-04-08T15:10:57 ICT" name="setUpInstances" finished-at="2024-04-08T15:10:57 ICT" duration-ms="1" status="PASS">
          <reporter-output>
          </reporter-output>
        </test-method> <!-- setUpInstances -->
        <test-method signature="createChildPostion()[pri:0, instance:HRMS.positionTest@4b40f651]" started-at="2024-04-08T15:10:57 ICT" name="createChildPostion" finished-at="2024-04-08T15:11:02 ICT" duration-ms="5784" status="PASS">
          <reporter-output>
          </reporter-output>
        </test-method> <!-- createChildPostion -->
        <test-method is-config="true" signature="close()[pri:0, instance:HRMS.positionTest@4b40f651]" started-at="2024-04-08T15:11:02 ICT" name="close" finished-at="2024-04-08T15:11:02 ICT" duration-ms="119" status="PASS">
          <reporter-output>
          </reporter-output>
        </test-method> <!-- close -->
        <test-method is-config="true" signature="startUp()[pri:0, instance:HRMS.positionTest@4b40f651]" started-at="2024-04-08T15:11:02 ICT" name="startUp" finished-at="2024-04-08T15:11:07 ICT" duration-ms="4187" status="PASS">
          <reporter-output>
          </reporter-output>
        </test-method> <!-- startUp -->
        <test-method is-config="true" signature="setUpInstances()[pri:0, instance:HRMS.positionTest@4b40f651]" started-at="2024-04-08T15:11:07 ICT" name="setUpInstances" finished-at="2024-04-08T15:11:07 ICT" duration-ms="1" status="PASS">
          <reporter-output>
          </reporter-output>
        </test-method> <!-- setUpInstances -->
        <test-method signature="createChildPostion()[pri:0, instance:HRMS.positionTest@4b40f651]" started-at="2024-04-08T15:11:07 ICT" name="createChildPostion" finished-at="2024-04-08T15:11:14 ICT" duration-ms="7067" status="PASS">
          <reporter-output>
          </reporter-output>
        </test-method> <!-- createChildPostion -->
        <test-method is-config="true" signature="close()[pri:0, instance:HRMS.positionTest@4b40f651]" started-at="2024-04-08T15:11:14 ICT" name="close" finished-at="2024-04-08T15:11:14 ICT" duration-ms="114" status="PASS">
          <reporter-output>
          </reporter-output>
        </test-method> <!-- close -->
        <test-method is-config="true" signature="startUp()[pri:0, instance:HRMS.positionTest@4b40f651]" started-at="2024-04-08T15:11:14 ICT" name="startUp" finished-at="2024-04-08T15:11:18 ICT" duration-ms="4068" status="PASS">
          <reporter-output>
          </reporter-output>
        </test-method> <!-- startUp -->
        <test-method is-config="true" signature="setUpInstances()[pri:0, instance:HRMS.positionTest@4b40f651]" started-at="2024-04-08T15:11:18 ICT" name="setUpInstances" finished-at="2024-04-08T15:11:18 ICT" duration-ms="0" status="PASS">
          <reporter-output>
          </reporter-output>
        </test-method> <!-- setUpInstances -->
        <test-method signature="createChildPostion()[pri:0, instance:HRMS.positionTest@4b40f651]" started-at="2024-04-08T15:11:18 ICT" name="createChildPostion" finished-at="2024-04-08T15:11:23 ICT" duration-ms="5483" status="PASS">
          <reporter-output>
          </reporter-output>
        </test-method> <!-- createChildPostion -->
        <test-method is-config="true" signature="close()[pri:0, instance:HRMS.positionTest@4b40f651]" started-at="2024-04-08T15:11:23 ICT" name="close" finished-at="2024-04-08T15:11:24 ICT" duration-ms="118" status="PASS">
          <reporter-output>
          </reporter-output>
        </test-method> <!-- close -->
        <test-method is-config="true" signature="startUp()[pri:0, instance:HRMS.positionTest@4b40f651]" started-at="2024-04-08T15:11:24 ICT" name="startUp" finished-at="2024-04-08T15:11:27 ICT" duration-ms="3875" status="PASS">
          <reporter-output>
          </reporter-output>
        </test-method> <!-- startUp -->
        <test-method is-config="true" signature="setUpInstances()[pri:0, instance:HRMS.positionTest@4b40f651]" started-at="2024-04-08T15:11:27 ICT" name="setUpInstances" finished-at="2024-04-08T15:11:27 ICT" duration-ms="1" status="PASS">
          <reporter-output>
          </reporter-output>
        </test-method> <!-- setUpInstances -->
        <test-method signature="createChildPostion()[pri:0, instance:HRMS.positionTest@4b40f651]" started-at="2024-04-08T15:11:27 ICT" name="createChildPostion" finished-at="2024-04-08T15:11:48 ICT" duration-ms="20746" status="FAIL">
          <exception class="org.openqa.selenium.TimeoutException">
            <message>
              <![CDATA[Expected condition failed: waiting for visibility of Proxy element for: DefaultElementLocator 'By.cssSelector: .MuiAlert-message' (tried for 10 second(s) with 500 milliseconds interval)]]>
            </message>
            <full-stacktrace>
              <![CDATA[org.openqa.selenium.TimeoutException: Expected condition failed: waiting for visibility of Proxy element for: DefaultElementLocator 'By.cssSelector: .MuiAlert-message' (tried for 10 second(s) with 500 milliseconds interval)
at org.openqa.selenium.support.ui.WebDriverWait.timeoutException(WebDriverWait.java:84)
at org.openqa.selenium.support.ui.FluentWait.until(FluentWait.java:230)
at A1A.Functions.waitForElementToAppear(Functions.java:34)
at HRMS.ListModulePage.getAlertMsg(ListModulePage.java:73)
at HRMS.positionTest.createChildPostion(positionTest.java:36)
at jdk.internal.reflect.GeneratedMethodAccessor14.invoke(Unknown Source)
at java.base/jdk.internal.reflect.DelegatingMethodAccessorImpl.invoke(DelegatingMethodAccessorImpl.java:43)
at java.base/java.lang.reflect.Method.invoke(Method.java:568)
at org.testng.internal.MethodInvocationHelper.invokeMethod(MethodInvocationHelper.java:133)
at org.testng.internal.TestInvoker.invokeMethod(TestInvoker.java:598)
at org.testng.internal.TestInvoker.invokeTestMethod(TestInvoker.java:173)
at org.testng.internal.MethodRunner.runInSequence(MethodRunner.java:46)
at org.testng.internal.TestInvoker$MethodInvocationAgent.invoke(TestInvoker.java:824)
at org.testng.internal.TestInvoker.invokeTestMethods(TestInvoker.java:146)
at org.testng.internal.TestMethodWorker.invokeTestMethods(TestMethodWorker.java:146)
at org.testng.internal.TestMethodWorker.run(TestMethodWorker.java:128)
at java.base/java.util.ArrayList.forEach(ArrayList.java:1511)
at org.testng.TestRunner.privateRun(TestRunner.java:794)
at org.testng.TestRunner.run(TestRunner.java:596)
at org.testng.SuiteRunner.runTest(SuiteRunner.java:377)
at org.testng.SuiteRunner.runSequentially(SuiteRunner.java:371)
at org.testng.SuiteRunner.privateRun(SuiteRunner.java:332)
at org.testng.SuiteRunner.run(SuiteRunner.java:276)
at org.testng.SuiteRunnerWorker.runSuite(SuiteRunnerWorker.java:53)
at org.testng.SuiteRunnerWorker.run(SuiteRunnerWorker.java:96)
at org.testng.TestNG.runSuitesSequentially(TestNG.java:1212)
at org.testng.TestNG.runSuitesLocally(TestNG.java:1134)
at org.testng.TestNG.runSuites(TestNG.java:1063)
at org.testng.TestNG.run(TestNG.java:1031)
at org.testng.remote.AbstractRemoteTestNG.run(AbstractRemoteTestNG.java:115)
at org.testng.remote.RemoteTestNG.initAndRun(RemoteTestNG.java:251)
at org.testng.remote.RemoteTestNG.main(RemoteTestNG.java:77)
Caused by: org.openqa.selenium.NoSuchElementException: no such element: Unable to locate element: {"method":"css selector","selector":".MuiAlert-message"}
  (Session info: chrome=123.0.6312.106)
For documentation on this error, please visit: https://www.selenium.dev/documentation/webdriver/troubleshooting/errors#no-such-element-exception
Build info: version: '4.13.0', revision: 'ba948ece5b*'
System info: os.name: 'Windows 11', os.arch: 'amd64', os.version: '10.0', java.version: '17.0.9'
Driver info: org.openqa.selenium.chrome.ChromeDriver
Command: [e5646455dd32a30aeedce37a60a4b491, findElement {using=css selector, value=.MuiAlert-message}]
Capabilities {acceptInsecureCerts: false, browserName: chrome, browserVersion: 123.0.6312.106, chrome: {chromedriverVersion: 123.0.6312.105 (399174dbe6e..., userDataDir: C:\Users\ITTEST\AppData\Loc...}, fedcm:accounts: true, goog:chromeOptions: {debuggerAddress: localhost:60005}, networkConnectionEnabled: false, pageLoadStrategy: normal, platformName: windows, proxy: Proxy(), se:cdp: ws://localhost:60005/devtoo..., se:cdpVersion: 123.0.6312.106, setWindowRect: true, strictFileInteractability: false, timeouts: {implicit: 0, pageLoad: 300000, script: 30000}, unhandledPromptBehavior: dismiss and notify, webauthn:extension:credBlob: true, webauthn:extension:largeBlob: true, webauthn:extension:minPinLength: true, webauthn:extension:prf: true, webauthn:virtualAuthenticators: true}
Session ID: e5646455dd32a30aeedce37a60a4b491
at java.base/jdk.internal.reflect.NativeConstructorAccessorImpl.newInstance0(Native Method)
at java.base/jdk.internal.reflect.NativeConstructorAccessorImpl.newInstance(NativeConstructorAccessorImpl.java:77)
at java.base/jdk.internal.reflect.DelegatingConstructorAccessorImpl.newInstance(DelegatingConstructorAccessorImpl.java:45)
at java.base/java.lang.reflect.Constructor.newInstanceWithCaller(Constructor.java:499)
at java.base/java.lang.reflect.Constructor.newInstance(Constructor.java:480)
at org.openqa.selenium.remote.codec.w3c.W3CHttpResponseCodec.createException(W3CHttpResponseCodec.java:200)
at org.openqa.selenium.remote.codec.w3c.W3CHttpResponseCodec.decode(W3CHttpResponseCodec.java:133)
at org.openqa.selenium.remote.codec.w3c.W3CHttpResponseCodec.decode(W3CHttpResponseCodec.java:52)
at org.openqa.selenium.remote.HttpCommandExecutor.execute(HttpCommandExecutor.java:191)
at org.openqa.selenium.remote.service.DriverCommandExecutor.invokeExecute(DriverCommandExecutor.java:196)
at org.openqa.selenium.remote.service.DriverCommandExecutor.execute(DriverCommandExecutor.java:171)
at org.openqa.selenium.remote.RemoteWebDriver.execute(RemoteWebDriver.java:602)
at org.openqa.selenium.remote.ElementLocation$ElementFinder$2.findElement(ElementLocation.java:165)
at org.openqa.selenium.remote.ElementLocation.findElement(ElementLocation.java:59)
at org.openqa.selenium.remote.RemoteWebDriver.findElement(RemoteWebDriver.java:359)
at org.openqa.selenium.remote.RemoteWebDriver.findElement(RemoteWebDriver.java:353)
at org.openqa.selenium.support.pagefactory.DefaultElementLocator.findElement(DefaultElementLocator.java:68)
at org.openqa.selenium.support.pagefactory.internal.LocatingElementHandler.invoke(LocatingElementHandler.java:38)
at jdk.proxy2/jdk.proxy2.$Proxy19.isDisplayed(Unknown Source)
at org.openqa.selenium.support.ui.ExpectedConditions.elementIfVisible(ExpectedConditions.java:304)
at org.openqa.selenium.support.ui.ExpectedConditions.access$000(ExpectedConditions.java:37)
at org.openqa.selenium.support.ui.ExpectedConditions$10.apply(ExpectedConditions.java:290)
at org.openqa.selenium.support.ui.ExpectedConditions$10.apply(ExpectedConditions.java:287)
at org.openqa.selenium.support.ui.FluentWait.until(FluentWait.java:205)
... 30 more
]]>
            </full-stacktrace>
          </exception> <!-- org.openqa.selenium.TimeoutException -->
          <reporter-output>
          </reporter-output>
        </test-method> <!-- createChildPostion -->
        <test-method is-config="true" signature="close()[pri:0, instance:HRMS.positionTest@4b40f651]" started-at="2024-04-08T15:11:48 ICT" name="close" finished-at="2024-04-08T15:11:48 ICT" duration-ms="120" status="PASS">
          <reporter-output>
          </reporter-output>
        </test-method> <!-- close -->
        <test-method is-config="true" signature="startUp()[pri:0, instance:HRMS.positionTest@4b40f651]" started-at="2024-04-08T15:11:48 ICT" name="startUp" finished-at="2024-04-08T15:11:53 ICT" duration-ms="4484" status="PASS">
          <reporter-output>
          </reporter-output>
        </test-method> <!-- startUp -->
        <test-method is-config="true" signature="setUpInstances()[pri:0, instance:HRMS.positionTest@4b40f651]" started-at="2024-04-08T15:11:53 ICT" name="setUpInstances" finished-at="2024-04-08T15:11:53 ICT" duration-ms="0" status="PASS">
          <reporter-output>
          </reporter-output>
        </test-method> <!-- setUpInstances -->
        <test-method signature="createChildPostion()[pri:0, instance:HRMS.positionTest@4b40f651]" started-at="2024-04-08T15:11:53 ICT" name="createChildPostion" finished-at="2024-04-08T15:11:59 ICT" duration-ms="5734" status="PASS">
          <reporter-output>
          </reporter-output>
        </test-method> <!-- createChildPostion -->
        <test-method is-config="true" signature="close()[pri:0, instance:HRMS.positionTest@4b40f651]" started-at="2024-04-08T15:11:59 ICT" name="close" finished-at="2024-04-08T15:11:59 ICT" duration-ms="116" status="PASS">
          <reporter-output>
          </reporter-output>
        </test-method> <!-- close -->
        <test-method is-config="true" signature="startUp()[pri:0, instance:HRMS.positionTest@4b40f651]" started-at="2024-04-08T15:11:59 ICT" name="startUp" finished-at="2024-04-08T15:12:03 ICT" duration-ms="4155" status="PASS">
          <reporter-output>
          </reporter-output>
        </test-method> <!-- startUp -->
        <test-method is-config="true" signature="setUpInstances()[pri:0, instance:HRMS.positionTest@4b40f651]" started-at="2024-04-08T15:12:03 ICT" name="setUpInstances" finished-at="2024-04-08T15:12:03 ICT" duration-ms="1" status="PASS">
          <reporter-output>
          </reporter-output>
        </test-method> <!-- setUpInstances -->
        <test-method signature="createChildPostion()[pri:0, instance:HRMS.positionTest@4b40f651]" started-at="2024-04-08T15:12:03 ICT" name="createChildPostion" finished-at="2024-04-08T15:12:09 ICT" duration-ms="5762" status="PASS">
          <reporter-output>
          </reporter-output>
        </test-method> <!-- createChildPostion -->
        <test-method is-config="true" signature="close()[pri:0, instance:HRMS.positionTest@4b40f651]" started-at="2024-04-08T15:12:09 ICT" name="close" finished-at="2024-04-08T15:12:09 ICT" duration-ms="124" status="PASS">
          <reporter-output>
          </reporter-output>
        </test-method> <!-- close -->
        <test-method is-config="true" signature="startUp()[pri:0, instance:HRMS.positionTest@4b40f651]" started-at="2024-04-08T15:12:09 ICT" name="startUp" finished-at="2024-04-08T15:12:13 ICT" duration-ms="4608" status="PASS">
          <reporter-output>
          </reporter-output>
        </test-method> <!-- startUp -->
        <test-method signature="createChildPostion()[pri:0, instance:HRMS.positionTest@4b40f651]" started-at="2024-04-08T15:12:13 ICT" name="createChildPostion" finished-at="2024-04-08T15:12:19 ICT" duration-ms="5835" status="PASS">
          <reporter-output>
          </reporter-output>
        </test-method> <!-- createChildPostion -->
        <test-method is-config="true" signature="setUpInstances()[pri:0, instance:HRMS.positionTest@4b40f651]" started-at="2024-04-08T15:12:13 ICT" name="setUpInstances" finished-at="2024-04-08T15:12:13 ICT" duration-ms="0" status="PASS">
          <reporter-output>
          </reporter-output>
        </test-method> <!-- setUpInstances -->
        <test-method is-config="true" signature="close()[pri:0, instance:HRMS.positionTest@4b40f651]" started-at="2024-04-08T15:12:19 ICT" name="close" finished-at="2024-04-08T15:12:19 ICT" duration-ms="142" status="PASS">
          <reporter-output>
          </reporter-output>
        </test-method> <!-- close -->
        <test-method is-config="true" signature="startUp()[pri:0, instance:HRMS.positionTest@4b40f651]" started-at="2024-04-08T15:12:19 ICT" name="startUp" finished-at="2024-04-08T15:12:23 ICT" duration-ms="3824" status="PASS">
          <reporter-output>
          </reporter-output>
        </test-method> <!-- startUp -->
        <test-method is-config="true" signature="setUpInstances()[pri:0, instance:HRMS.positionTest@4b40f651]" started-at="2024-04-08T15:12:23 ICT" name="setUpInstances" finished-at="2024-04-08T15:12:23 ICT" duration-ms="1" status="PASS">
          <reporter-output>
          </reporter-output>
        </test-method> <!-- setUpInstances -->
        <test-method signature="createChildPostion()[pri:0, instance:HRMS.positionTest@4b40f651]" started-at="2024-04-08T15:12:23 ICT" name="createChildPostion" finished-at="2024-04-08T15:12:28 ICT" duration-ms="5058" status="PASS">
          <reporter-output>
          </reporter-output>
        </test-method> <!-- createChildPostion -->
        <test-method is-config="true" signature="close()[pri:0, instance:HRMS.positionTest@4b40f651]" started-at="2024-04-08T15:12:28 ICT" name="close" finished-at="2024-04-08T15:12:28 ICT" duration-ms="131" status="PASS">
          <reporter-output>
          </reporter-output>
        </test-method> <!-- close -->
        <test-method is-config="true" signature="startUp()[pri:0, instance:HRMS.positionTest@4b40f651]" started-at="2024-04-08T15:12:28 ICT" name="startUp" finished-at="2024-04-08T15:12:32 ICT" duration-ms="3937" status="PASS">
          <reporter-output>
          </reporter-output>
        </test-method> <!-- startUp -->
        <test-method is-config="true" signature="setUpInstances()[pri:0, instance:HRMS.positionTest@4b40f651]" started-at="2024-04-08T15:12:32 ICT" name="setUpInstances" finished-at="2024-04-08T15:12:32 ICT" duration-ms="1" status="PASS">
          <reporter-output>
          </reporter-output>
        </test-method> <!-- setUpInstances -->
        <test-method signature="createChildPostion()[pri:0, instance:HRMS.positionTest@4b40f651]" started-at="2024-04-08T15:12:32 ICT" name="createChildPostion" finished-at="2024-04-08T15:12:38 ICT" duration-ms="5969" status="PASS">
          <reporter-output>
          </reporter-output>
        </test-method> <!-- createChildPostion -->
        <test-method is-config="true" signature="close()[pri:0, instance:HRMS.positionTest@4b40f651]" started-at="2024-04-08T15:12:38 ICT" name="close" finished-at="2024-04-08T15:12:38 ICT" duration-ms="107" status="PASS">
          <reporter-output>
          </reporter-output>
        </test-method> <!-- close -->
        <test-method is-config="true" signature="startUp()[pri:0, instance:HRMS.positionTest@4b40f651]" started-at="2024-04-08T15:12:38 ICT" name="startUp" finished-at="2024-04-08T15:12:43 ICT" duration-ms="4167" status="PASS">
          <reporter-output>
          </reporter-output>
        </test-method> <!-- startUp -->
        <test-method is-config="true" signature="setUpInstances()[pri:0, instance:HRMS.positionTest@4b40f651]" started-at="2024-04-08T15:12:43 ICT" name="setUpInstances" finished-at="2024-04-08T15:12:43 ICT" duration-ms="0" status="PASS">
          <reporter-output>
          </reporter-output>
        </test-method> <!-- setUpInstances -->
        <test-method signature="createChildPostion()[pri:0, instance:HRMS.positionTest@4b40f651]" started-at="2024-04-08T15:12:43 ICT" name="createChildPostion" finished-at="2024-04-08T15:12:48 ICT" duration-ms="5915" status="PASS">
          <reporter-output>
          </reporter-output>
        </test-method> <!-- createChildPostion -->
        <test-method is-config="true" signature="close()[pri:0, instance:HRMS.positionTest@4b40f651]" started-at="2024-04-08T15:12:48 ICT" name="close" finished-at="2024-04-08T15:12:49 ICT" duration-ms="65" status="PASS">
          <reporter-output>
          </reporter-output>
        </test-method> <!-- close -->
        <test-method is-config="true" signature="startUp()[pri:0, instance:HRMS.positionTest@4b40f651]" started-at="2024-04-08T15:12:49 ICT" name="startUp" finished-at="2024-04-08T15:12:53 ICT" duration-ms="4364" status="PASS">
          <reporter-output>
          </reporter-output>
        </test-method> <!-- startUp -->
        <test-method is-config="true" signature="setUpInstances()[pri:0, instance:HRMS.positionTest@4b40f651]" started-at="2024-04-08T15:12:53 ICT" name="setUpInstances" finished-at="2024-04-08T15:12:53 ICT" duration-ms="1" status="PASS">
          <reporter-output>
          </reporter-output>
        </test-method> <!-- setUpInstances -->
        <test-method signature="createChildPostion()[pri:0, instance:HRMS.positionTest@4b40f651]" started-at="2024-04-08T15:12:53 ICT" name="createChildPostion" finished-at="2024-04-08T15:12:59 ICT" duration-ms="6528" status="PASS">
          <reporter-output>
          </reporter-output>
        </test-method> <!-- createChildPostion -->
        <test-method is-config="true" signature="close()[pri:0, instance:HRMS.positionTest@4b40f651]" started-at="2024-04-08T15:12:59 ICT" name="close" finished-at="2024-04-08T15:12:59 ICT" duration-ms="82" status="PASS">
          <reporter-output>
          </reporter-output>
        </test-method> <!-- close -->
        <test-method is-config="true" signature="startUp()[pri:0, instance:HRMS.positionTest@4b40f651]" started-at="2024-04-08T15:12:59 ICT" name="startUp" finished-at="2024-04-08T15:13:04 ICT" duration-ms="4358" status="PASS">
          <reporter-output>
          </reporter-output>
        </test-method> <!-- startUp -->
        <test-method is-config="true" signature="setUpInstances()[pri:0, instance:HRMS.positionTest@4b40f651]" started-at="2024-04-08T15:13:04 ICT" name="setUpInstances" finished-at="2024-04-08T15:13:04 ICT" duration-ms="0" status="PASS">
          <reporter-output>
          </reporter-output>
        </test-method> <!-- setUpInstances -->
        <test-method signature="createChildPostion()[pri:0, instance:HRMS.positionTest@4b40f651]" started-at="2024-04-08T15:13:04 ICT" name="createChildPostion" finished-at="2024-04-08T15:13:11 ICT" duration-ms="7143" status="PASS">
          <reporter-output>
          </reporter-output>
        </test-method> <!-- createChildPostion -->
        <test-method is-config="true" signature="close()[pri:0, instance:HRMS.positionTest@4b40f651]" started-at="2024-04-08T15:13:11 ICT" name="close" finished-at="2024-04-08T15:13:11 ICT" duration-ms="136" status="PASS">
          <reporter-output>
          </reporter-output>
        </test-method> <!-- close -->
        <test-method is-config="true" signature="startUp()[pri:0, instance:HRMS.positionTest@4b40f651]" started-at="2024-04-08T15:13:11 ICT" name="startUp" finished-at="2024-04-08T15:13:15 ICT" duration-ms="4340" status="PASS">
          <reporter-output>
          </reporter-output>
        </test-method> <!-- startUp -->
        <test-method is-config="true" signature="setUpInstances()[pri:0, instance:HRMS.positionTest@4b40f651]" started-at="2024-04-08T15:13:15 ICT" name="setUpInstances" finished-at="2024-04-08T15:13:15 ICT" duration-ms="1" status="PASS">
          <reporter-output>
          </reporter-output>
        </test-method> <!-- setUpInstances -->
        <test-method signature="createChildPostion()[pri:0, instance:HRMS.positionTest@4b40f651]" started-at="2024-04-08T15:13:15 ICT" name="createChildPostion" finished-at="2024-04-08T15:13:26 ICT" duration-ms="10607" status="PASS">
          <reporter-output>
          </reporter-output>
        </test-method> <!-- createChildPostion -->
        <test-method is-config="true" signature="close()[pri:0, instance:HRMS.positionTest@4b40f651]" started-at="2024-04-08T15:13:26 ICT" name="close" finished-at="2024-04-08T15:13:26 ICT" duration-ms="118" status="PASS">
          <reporter-output>
          </reporter-output>
        </test-method> <!-- close -->
        <test-method is-config="true" signature="startUp()[pri:0, instance:HRMS.positionTest@4b40f651]" started-at="2024-04-08T15:13:26 ICT" name="startUp" finished-at="2024-04-08T15:13:30 ICT" duration-ms="4078" status="PASS">
          <reporter-output>
          </reporter-output>
        </test-method> <!-- startUp -->
        <test-method is-config="true" signature="setUpInstances()[pri:0, instance:HRMS.positionTest@4b40f651]" started-at="2024-04-08T15:13:30 ICT" name="setUpInstances" finished-at="2024-04-08T15:13:30 ICT" duration-ms="1" status="PASS">
          <reporter-output>
          </reporter-output>
        </test-method> <!-- setUpInstances -->
        <test-method signature="createChildPostion()[pri:0, instance:HRMS.positionTest@4b40f651]" started-at="2024-04-08T15:13:30 ICT" name="createChildPostion" finished-at="2024-04-08T15:13:31 ICT" duration-ms="1175" status="FAIL">
          <exception class="org.openqa.selenium.ElementClickInterceptedException">
            <message>
              <![CDATA[element click intercepted: Element <p class="MuiTypography-root MuiTypography-body2 MuiListItemText-primary css-rnafb5-MuiTypography-root">...</p> is not clickable at point (51, 305). Other element would receive the click: <a href="/position-&amp;-Core-competency" style="text-decoration: none; color: inherit; display: flex; align-items: center;">...</a>
  (Session info: chrome=123.0.6312.106)
Build info: version: '4.13.0', revision: 'ba948ece5b*'
System info: os.name: 'Windows 11', os.arch: 'amd64', os.version: '10.0', java.version: '17.0.9'
Driver info: org.openqa.selenium.chrome.ChromeDriver
Command: [268feece5d884dbb05e7342dbd9dff54, clickElement {id=f.82BD82017C4C0E77C7742969CA72C179.d.763C7D96B721733C2971E19FE5FE1BA7.e.417}]
Capabilities {acceptInsecureCerts: false, browserName: chrome, browserVersion: 123.0.6312.106, chrome: {chromedriverVersion: 123.0.6312.105 (399174dbe6e..., userDataDir: C:\Users\ITTEST\AppData\Loc...}, fedcm:accounts: true, goog:chromeOptions: {debuggerAddress: localhost:60356}, networkConnectionEnabled: false, pageLoadStrategy: normal, platformName: windows, proxy: Proxy(), se:cdp: ws://localhost:60356/devtoo..., se:cdpVersion: 123.0.6312.106, setWindowRect: true, strictFileInteractability: false, timeouts: {implicit: 0, pageLoad: 300000, script: 30000}, unhandledPromptBehavior: dismiss and notify, webauthn:extension:credBlob: true, webauthn:extension:largeBlob: true, webauthn:extension:minPinLength: true, webauthn:extension:prf: true, webauthn:virtualAuthenticators: true}
Element: [[ChromeDriver: chrome on windows (268feece5d884dbb05e7342dbd9dff54)] -> xpath: //p[contains(text(), 'Core')]]
Session ID: 268feece5d884dbb05e7342dbd9dff54]]>
            </message>
            <full-stacktrace>
[...]
          <reporter-output>
          </reporter-output>
        </test-method> <!-- startUp -->
        <test-method is-config="true" signature="setUpInstances()[pri:0, instance:HRMS.positionTest@4b40f651]" started-at="2024-04-08T15:41:53 ICT" name="setUpInstances" finished-at="2024-04-08T15:41:53 ICT" duration-ms="0" status="PASS">
          <reporter-output>
          </reporter-output>
        </test-method> <!-- setUpInstances -->
        <test-method signature="createPosition()[pri:0, instance:HRMS.positionTest@4b40f651]" started-at="2024-04-08T15:41:53 ICT" name="createPosition" finished-at="2024-04-08T15:42:00 ICT" duration-ms="6837" status="PASS">
          <reporter-output>
          </reporter-output>
        </test-method> <!-- createPosition -->
        <test-method is-config="true" signature="close()[pri:0, instance:HRMS.positionTest@4b40f651]" started-at="2024-04-08T15:42:00 ICT" name="close" finished-at="2024-04-08T15:42:00 ICT" duration-ms="136" status="PASS">
          <reporter-output>
          </reporter-output>
        </test-method> <!-- close -->
        <test-method is-config="true" signature="startUp()[pri:0, instance:HRMS.positionTest@4b40f651]" started-at="2024-04-08T15:42:00 ICT" name="startUp" finished-at="2024-04-08T15:42:04 ICT" duration-ms="3838" status="PASS">
          <reporter-output>
          </reporter-output>
        </test-method> <!-- startUp -->
        <test-method signature="createPosition()[pri:0, instance:HRMS.positionTest@4b40f651]" started-at="2024-04-08T15:42:04 ICT" name="createPosition" finished-at="2024-04-08T15:42:11 ICT" duration-ms="6741" status="PASS">
          <reporter-output>
          </reporter-output>
        </test-method> <!-- createPosition -->
        <test-method is-config="true" signature="setUpInstances()[pri:0, instance:HRMS.positionTest@4b40f651]" started-at="2024-04-08T15:42:04 ICT" name="setUpInstances" finished-at="2024-04-08T15:42:04 ICT" duration-ms="0" status="PASS">
          <reporter-output>
          </reporter-output>
        </test-method> <!-- setUpInstances -->
        <test-method is-config="true" signature="close()[pri:0, instance:HRMS.positionTest@4b40f651]" started-at="2024-04-08T15:42:11 ICT" name="close" finished-at="2024-04-08T15:42:11 ICT" duration-ms="116" status="PASS">
          <reporter-output>
          </reporter-output>
        </test-method> <!-- close -->
        <test-method is-config="true" signature="startUp()[pri:0, instance:HRMS.positionTest@4b40f651]" started-at="2024-04-08T15:42:11 ICT" name="startUp" finished-at="2024-04-08T15:42:15 ICT" duration-ms="4001" status="PASS">
          <reporter-output>
          </reporter-output>
        </test-method> <!-- startUp -->
        <test-method is-config="true" signature="setUpInstances()[pri:0, instance:HRMS.positionTest@4b40f651]" started-at="2024-04-08T15:42:15 ICT" name="setUpInstances" finished-at="2024-04-08T15:42:15 ICT" duration-ms="1" status="PASS">
          <reporter-output>
          </reporter-output>
        </test-method> <!-- setUpInstances -->
        <test-method signature="createPosition()[pri:0, instance:HRMS.positionTest@4b40f651]" started-at="2024-04-08T15:42:15 ICT" name="createPosition" finished-at="2024-04-08T15:42:22 ICT" duration-ms="7067" status="PASS">
          <reporter-output>
          </reporter-output>
        </test-method> <!-- createPosition -->
        <test-method is-config="true" signature="close()[pri:0, instance:HRMS.positionTest@4b40f651]" started-at="2024-04-08T15:42:22 ICT" name="close" finished-at="2024-04-08T15:42:22 ICT" duration-ms="117" status="PASS">
          <reporter-output>
          </reporter-output>
        </test-method> <!-- close -->
        <test-method is-config="true" signature="startUp()[pri:0, instance:HRMS.positionTest@4b40f651]" started-at="2024-04-08T15:42:22 ICT" name="startUp" finished-at="2024-04-08T15:42:26 ICT" duration-ms="3876" status="PASS">
          <reporter-output>
          </reporter-output>
        </test-method> <!-- startUp -->
        <test-method is-config="true" signature="setUpInstances()[pri:0, instance:HRMS.positionTest@4b40f651]" started-at="2024-04-08T15:42:26 ICT" name="setUpInstances" finished-at="2024-04-08T15:42:26 ICT" duration-ms="2" status="PASS">
          <reporter-output>
          </reporter-output>
        </test-method> <!-- setUpInstances -->
        <test-method signature="createPosition()[pri:0, instance:HRMS.positionTest@4b40f651]" started-at="2024-04-08T15:42:26 ICT" name="createPosition" finished-at="2024-04-08T15:42:33 ICT" duration-ms="6780" status="PASS">
          <reporter-output>
          </reporter-output>
        </test-method> <!-- createPosition -->
        <test-method is-config="true" signature="close()[pri:0, instance:HRMS.positionTest@4b40f651]" started-at="2024-04-08T15:42:33 ICT" name="close" finished-at="2024-04-08T15:42:33 ICT" duration-ms="93" status="PASS">
          <reporter-output>
          </reporter-output>
        </test-method> <!-- close -->
        <test-method is-config="true" signature="startUp()[pri:0, instance:HRMS.positionTest@4b40f651]" started-at="2024-04-08T15:42:33 ICT" name="startUp" finished-at="2024-04-08T15:42:37 ICT" duration-ms="4152" status="PASS">
          <reporter-output>
          </reporter-output>
        </test-method> <!-- startUp -->
        <test-method signature="createPosition()[pri:0, instance:HRMS.positionTest@4b40f651]" started-at="2024-04-08T15:42:37 ICT" name="createPosition" finished-at="2024-04-08T15:42:44 ICT" duration-ms="6837" status="PASS">
          <reporter-output>
          </reporter-output>
        </test-method> <!-- createPosition -->
        <test-method is-config="true" signature="setUpInstances()[pri:0, instance:HRMS.positionTest@4b40f651]" started-at="2024-04-08T15:42:37 ICT" name="setUpInstances" finished-at="2024-04-08T15:42:37 ICT" duration-ms="0" status="PASS">
          <reporter-output>
          </reporter-output>
        </test-method> <!-- setUpInstances -->
        <test-method is-config="true" signature="close()[pri:0, instance:HRMS.positionTest@4b40f651]" started-at="2024-04-08T15:42:44 ICT" name="close" finished-at="2024-04-08T15:42:44 ICT" duration-ms="122" status="PASS">
          <reporter-output>
          </reporter-output>
        </test-method> <!-- close -->
        <test-method is-config="true" signature="startUp()[pri:0, instance:HRMS.positionTest@4b40f651]" started-at="2024-04-08T15:42:44 ICT" name="startUp" finished-at="2024-04-08T15:42:48 ICT" duration-ms="3966" status="PASS">
          <reporter-output>
          </reporter-output>
        </test-method> <!-- startUp -->
        <test-method is-config="true" signature="setUpInstances()[pri:0, instance:HRMS.positionTest@4b40f651]" started-at="2024-04-08T15:42:48 ICT" name="setUpInstances" finished-at="2024-04-08T15:42:48 ICT" duration-ms="0" status="PASS">
          <reporter-output>
          </reporter-output>
        </test-method> <!-- setUpInstances -->
        <test-method signature="createPosition()[pri:0, instance:HRMS.positionTest@4b40f651]" started-at="2024-04-08T15:42:48 ICT" name="createPosition" finished-at="2024-04-08T15:42:55 ICT" duration-ms="6837" status="PASS">
          <reporter-output>
          </reporter-output>
        </test-method> <!-- createPosition -->
        <test-method is-config="true" signature="close()[pri:0, instance:HRMS.positionTest@4b40f651]" started-at="2024-04-08T15:42:55 ICT" name="close" finished-at="2024-04-08T15:42:55 ICT" duration-ms="121" status="PASS">
          <reporter-output>
          </reporter-output>
        </test-method> <!-- close -->
        <test-method is-config="true" signature="startUp()[pri:0, instance:HRMS.positionTest@4b40f651]" started-at="2024-04-08T15:42:55 ICT" name="startUp" finished-at="2024-04-08T15:42:59 ICT" duration-ms="4081" status="PASS">
          <reporter-output>
          </reporter-output>
        </test-method> <!-- startUp -->
        <test-method is-config="true" signature="setUpInstances()[pri:0, instance:HRMS.positionTest@4b40f651]" started-at="2024-04-08T15:42:59 ICT" name="setUpInstances" finished-at="2024-04-08T15:42:59 ICT" duration-ms="0" status="PASS">
          <reporter-output>
          </reporter-output>
        </test-method> <!-- setUpInstances -->
        <test-method signature="createPosition()[pri:0, instance:HRMS.positionTest@4b40f651]" started-at="2024-04-08T15:42:59 ICT" name="createPosition" finished-at="2024-04-08T15:43:06 ICT" duration-ms="6882" status="PASS">
          <reporter-output>
          </reporter-output>
        </test-method> <!-- createPosition -->
        <test-method is-config="true" signature="close()[pri:0, instance:HRMS.positionTest@4b40f651]" started-at="2024-04-08T15:43:06 ICT" name="close" finished-at="2024-04-08T15:43:06 ICT" duration-ms="121" status="PASS">
          <reporter-output>
          </reporter-output>
        </test-method> <!-- close -->
        <test-method is-config="true" signature="startUp()[pri:0, instance:HRMS.positionTest@4b40f651]" started-at="2024-04-08T15:43:06 ICT" name="startUp" finished-at="2024-04-08T15:43:10 ICT" duration-ms="4337" status="PASS">
          <reporter-output>
          </reporter-output>
        </test-method> <!-- startUp -->
        <test-method is-config="true" signature="setUpInstances()[pri:0, instance:HRMS.positionTest@4b40f651]" started-at="2024-04-08T15:43:10 ICT" name="setUpInstances" finished-at="2024-04-08T15:43:10 ICT" duration-ms="0" status="PASS">
          <reporter-output>
          </reporter-output>
        </test-method> <!-- setUpInstances -->
        <test-method signature="createPosition()[pri:0, instance:HRMS.positionTest@4b40f651]" started-at="2024-04-08T15:43:10 ICT" name="createPosition" finished-at="2024-04-08T15:43:17 ICT" duration-ms="6704" status="PASS">
          <reporter-output>
          </reporter-output>
        </test-method> <!-- createPosition -->
        <test-method is-config="true" signature="close()[pri:0, instance:HRMS.positionTest@4b40f651]" started-at="2024-04-08T15:43:17 ICT" name="close" finished-at="2024-04-08T15:43:17 ICT" duration-ms="127" status="PASS">
          <reporter-output>
          </reporter-output>
        </test-method> <!-- close -->
        <test-method is-config="true" signature="startUp()[pri:0, instance:HRMS.positionTest@4b40f651]" started-at="2024-04-08T15:43:17 ICT" name="startUp" finished-at="2024-04-08T15:43:21 ICT" duration-ms="4045" status="PASS">
          <reporter-output>
          </reporter-output>
        </test-method> <!-- startUp -->
        <test-method is-config="true" signature="setUpInstances()[pri:0, instance:HRMS.positionTest@4b40f651]" started-at="2024-04-08T15:43:21 ICT" name="setUpInstances" finished-at="2024-04-08T15:43:21 ICT" duration-ms="0" status="PASS">
          <reporter-output>
          </reporter-output>
        </test-method> <!-- setUpInstances -->
        <test-method signature="createPosition()[pri:0, instance:HRMS.positionTest@4b40f651]" started-at="2024-04-08T15:43:21 ICT" name="createPosition" finished-at="2024-04-08T15:43:44 ICT" duration-ms="22233" status="FAIL">
          <exception class="org.openqa.selenium.TimeoutException">
            <message>
              <![CDATA[Expected condition failed: waiting for visibility of Proxy element for: DefaultElementLocator 'By.cssSelector: .MuiAlert-message' (tried for 10 second(s) with 500 milliseconds interval)]]>
            </message>
            <full-stacktrace>
              <![CDATA[org.openqa.selenium.TimeoutException: Expected condition failed: waiting for visibility of Proxy element for: DefaultElementLocator 'By.cssSelector: .MuiAlert-message' (tried for 10 second(s) with 500 milliseconds interval)
at org.openqa.selenium.support.ui.WebDriverWait.timeoutException(WebDriverWait.java:84)
at org.openqa.selenium.support.ui.FluentWait.until(FluentWait.java:230)
at A1A.Functions.waitForElementToAppear(Functions.java:34)
at HRMS.ListModulePage.getAlertMsg(ListModulePage.java:73)
at HRMS.positionTest.createPosition(positionTest.java:26)
at jdk.internal.reflect.GeneratedMethodAccessor16.invoke(Unknown Source)
at java.base/jdk.internal.reflect.DelegatingMethodAccessorImpl.invoke(DelegatingMethodAccessorImpl.java:43)
at java.base/java.lang.reflect.Method.invoke(Method.java:568)
at org.testng.internal.MethodInvocationHelper.invokeMethod(MethodInvocationHelper.java:133)
at org.testng.internal.TestInvoker.invokeMethod(TestInvoker.java:598)
at org.testng.internal.TestInvoker.invokeTestMethod(TestInvoker.java:173)
at org.testng.internal.MethodRunner.runInSequence(MethodRunner.java:46)
at org.testng.internal.TestInvoker$MethodInvocationAgent.invoke(TestInvoker.java:824)
at org.testng.internal.TestInvoker.invokeTestMethods(TestInvoker.java:146)
at org.testng.internal.TestMethodWorker.invokeTestMethods(TestMethodWorker.java:146)
at org.testng.internal.TestMethodWorker.run(TestMethodWorker.java:128)
at java.base/java.util.ArrayList.forEach(ArrayList.java:1511)
at org.testng.TestRunner.privateRun(TestRunner.java:794)
at org.testng.TestRunner.run(TestRunner.java:596)
at org.testng.SuiteRunner.runTest(SuiteRunner.java:377)
at org.testng.SuiteRunner.runSequentially(SuiteRunner.java:371)
at org.testng.SuiteRunner.privateRun(SuiteRunner.java:332)
at org.testng.SuiteRunner.run(SuiteRunner.java:276)
at org.testng.SuiteRunnerWorker.runSuite(SuiteRunnerWorker.java:53)
at org.testng.SuiteRunnerWorker.run(SuiteRunnerWorker.java:96)
at org.testng.TestNG.runSuitesSequentially(TestNG.java:1212)
at org.testng.TestNG.runSuitesLocally(TestNG.java:1134)
at org.testng.TestNG.runSuites(TestNG.java:1063)
at org.testng.TestNG.run(TestNG.java:1031)
at org.testng.remote.AbstractRemoteTestNG.run(AbstractRemoteTestNG.java:115)
at org.testng.remote.RemoteTestNG.initAndRun(RemoteTestNG.java:251)
at org.testng.remote.RemoteTestNG.main(RemoteTestNG.java:77)
Caused by: org.openqa.selenium.NoSuchElementException: no such element: Unable to locate element: {"method":"css selector","selector":".MuiAlert-message"}
  (Session info: chrome=123.0.6312.106)
For documentation on this error, please visit: https://www.selenium.dev/documentation/webdriver/troubleshooting/errors#no-such-element-exception
Build info: version: '4.13.0', revision: 'ba948ece5b*'
System info: os.name: 'Windows 11', os.arch: 'amd64', os.version: '10.0', java.version: '17.0.9'
Driver info: org.openqa.selenium.chrome.ChromeDriver
Command: [040506cd1f1da92eb5f2a54fe8581f36, findElement {using=css selector, value=.MuiAlert-message}]
Capabilities {acceptInsecureCerts: false, browserName: chrome, browserVersion: 123.0.6312.106, chrome: {chromedriverVersion: 123.0.6312.105 (399174dbe6e..., userDataDir: C:\Users\ITTEST\AppData\Loc...}, fedcm:accounts: true, goog:chromeOptions: {debuggerAddress: localhost:49826}, networkConnectionEnabled: false, pageLoadStrategy: normal, platformName: windows, proxy: Proxy(), se:cdp: ws://localhost:49826/devtoo..., se:cdpVersion: 123.0.6312.106, setWindowRect: true, strictFileInteractability: false, timeouts: {implicit: 0, pageLoad: 300000, script: 30000}, unhandledPromptBehavior: dismiss and notify, webauthn:extension:credBlob: true, webauthn:extension:largeBlob: true, webauthn:extension:minPinLength: true, webauthn:extension:prf: true, webauthn:virtualAuthenticators: true}
Session ID: 040506cd1f1da92eb5f2a54fe8581f36
at jdk.internal.reflect.GeneratedConstructorAccessor34.newInstance(Unknown Source)
at java.base/jdk.internal.reflect.DelegatingConstructorAccessorImpl.newInstance(DelegatingConstructorAccessorImpl.java:45)
at java.base/java.lang.reflect.Constructor.newInstanceWithCaller(Constructor.java:499)
at java.base/java.lang.reflect.Constructor.newInstance(Constructor.java:480)
at org.openqa.selenium.remote.codec.w3c.W3CHttpResponseCodec.createException(W3CHttpResponseCodec.java:200)
at org.openqa.selenium.remote.codec.w3c.W3CHttpResponseCodec.decode(W3CHttpResponseCodec.java:133)
at org.openqa.selenium.remote.codec.w3c.W3CHttpResponseCodec.decode(W3CHttpResponseCodec.java:52)
at org.openqa.selenium.remote.HttpCommandExecutor.execute(HttpCommandExecutor.java:191)
at org.openqa.selenium.remote.service.DriverCommandExecutor.invokeExecute(DriverCommandExecutor.java:196)
at org.openqa.selenium.remote.service.DriverCommandExecutor.execute(DriverCommandExecutor.java:171)
at org.openqa.selenium.remote.RemoteWebDriver.execute(RemoteWebDriver.java:602)
at org.openqa.selenium.remote.ElementLocation$ElementFinder$2.findElement(ElementLocation.java:165)
at org.openqa.selenium.remote.ElementLocation.findElement(ElementLocation.java:59)
at org.openqa.selenium.remote.RemoteWebDriver.findElement(RemoteWebDriver.java:359)
at org.openqa.selenium.remote.RemoteWebDriver.findElement(RemoteWebDriver.java:353)
at org.openqa.selenium.support.pagefactory.DefaultElementLocator.findElement(DefaultElementLocator.java:68)
at org.openqa.selenium.support.pagefactory.internal.LocatingElementHandler.invoke(LocatingElementHandler.java:38)
at jdk.proxy2/jdk.proxy2.$Proxy19.isDisplayed(Unknown Source)
at org.openqa.selenium.support.ui.ExpectedConditions.elementIfVisible(ExpectedConditions.java:304)
at org.openqa.selenium.support.ui.ExpectedConditions.access$000(ExpectedConditions.java:37)
at org.openqa.selenium.support.ui.ExpectedConditions$10.apply(ExpectedConditions.java:290)
at org.openqa.selenium.support.ui.ExpectedConditions$10.apply(ExpectedConditions.java:287)
at org.openqa.selenium.support.ui.FluentWait.until(FluentWait.java:205)
... 30 more
]]>
            </full-stacktrace>
          </exception> <!-- org.openqa.selenium.TimeoutException -->
          <reporter-output>
          </reporter-output>
        </test-method> <!-- createPosition -->
        <test-method is-config="true" signature="close()[pri:0, instance:HRMS.positionTest@4b40f651]" started-at="2024-04-08T15:43:44 ICT" name="close" finished-at="2024-04-08T15:43:44 ICT" duration-ms="122" status="PASS">
          <reporter-output>
          </reporter-output>
        </test-method> <!-- close -->
        <test-method is-config="true" signature="startUp()[pri:0, instance:HRMS.positionTest@4b40f651]" started-at="2024-04-08T15:43:44 ICT" name="startUp" finished-at="2024-04-08T15:43:48 ICT" duration-ms="3854" status="PASS">
          <reporter-output>
          </reporter-output>
        </test-method> <!-- startUp -->
        <test-method is-config="true" signature="setUpInstances()[pri:0, instance:HRMS.positionTest@4b40f651]" started-at="2024-04-08T15:43:48 ICT" name="setUpInstances" finished-at="2024-04-08T15:43:48 ICT" duration-ms="0" status="PASS">
          <reporter-output>
          </reporter-output>
        </test-method> <!-- setUpInstances -->
        <test-method signature="createPosition()[pri:0, instance:HRMS.positionTest@4b40f651]" started-at="2024-04-08T15:43:48 ICT" name="createPosition" finished-at="2024-04-08T15:43:54 ICT" duration-ms="6890" status="PASS">
          <reporter-output>
          </reporter-output>
        </test-method> <!-- createPosition -->
        <test-method is-config="true" signature="close()[pri:0, instance:HRMS.positionTest@4b40f651]" started-at="2024-04-08T15:43:54 ICT" name="close" finished-at="2024-04-08T15:43:55 ICT" duration-ms="132" status="PASS">
          <reporter-output>
          </reporter-output>
        </test-method> <!-- close -->
        <test-method is-config="true" signature="tearDown()[pri:0, instance:HRMS.positionTest@4b40f651]" started-at="2024-04-08T15:43:55 ICT" name="tearDown" finished-at="2024-04-08T15:43:55 ICT" duration-ms="162" status="PASS">
          <reporter-output>
          </reporter-output>
        </test-method> <!-- tearDown -->
      </class> <!-- HRMS.positionTest -->
    </test> <!-- List Module Test -->
  </suite> <!-- YourTestSuite -->
</testng-results>
