<?xml version="1.0" encoding="UTF-8"?>
<!-- Generated by org.testng.reporters.JUnitXMLReporter -->
<testsuite ignored="0" hostname="IT-TESTER" failures="1" tests="19" name="TestRun" time="61.083" errors="0" timestamp="2024-01-16T11:16:24 ICT">
  <testcase classname="Ticketing.TicketPageTest" name="TicketPageTestCanNotCreateBlankDepartmentTicket" time="3.317"/>
  <testcase classname="Ticketing.TicketPageTest" name="TicketPageTestCanNotCreateBlankTicket" time="1.167"/>
  <testcase classname="Ticketing.TicketPageTest" name="TicketPageTestCreateTicketToReject" time="4.615"/>
  <testcase classname="Ticketing.TicketPageTest" name="TicketPageTestCanNotCreateBlankDescriptionTicket" time="2.617"/>
  <testcase classname="Ticketing.TicketPageTest" name="TicketPageTestRejectTicket" time="1.808">
    <skipped/>
  </testcase> <!-- TicketPageTestRejectTicket -->
  <testcase classname="Ticketing.TicketPageTest" name="TicketPageTestRejectTicket" time="1.79">
    <skipped/>
  </testcase> <!-- TicketPageTestRejectTicket -->
  <testcase classname="Ticketing.TicketPageTest" name="TicketPageTestRejectTicket" time="1.912">
    <skipped/>
  </testcase> <!-- TicketPageTestRejectTicket -->
  <testcase classname="Ticketing.TicketPageTest" name="TicketPageTestRejectTicket" time="1.811">
    <failure type="org.junit.ComparisonFailure" message="expected:&amp;lt;[16/01/2024 ]Waiting&amp;gt; but was:&amp;lt;[]Waiting&amp;gt;">
      <![CDATA[org.junit.ComparisonFailure: expected:<[16/01/2024 ]Waiting> but was:<[]Waiting>
at org.junit.Assert.assertEquals(Assert.java:115)
at org.junit.Assert.assertEquals(Assert.java:144)
at Ticketing.TicketPageTest.TicketPageTestRejectTicket(TicketPageTest.java:110)
at java.base/java.util.ArrayList.forEach(ArrayList.java:1511)
... Removed 27 stack frames]]>
    </failure>
  </testcase> <!-- TicketPageTestRejectTicket -->
  <testcase classname="Ticketing.TicketPageTest" name="TicketPageTestConfirmRejectTicket" time="0.0">
    <skipped/>
  </testcase> <!-- TicketPageTestConfirmRejectTicket -->
  <testcase classname="Ticketing.TicketPageTest" name="TicketPageTestCreateTicketToReply" time="0.0">
    <skipped/>
  </testcase> <!-- TicketPageTestCreateTicketToReply -->
  <testcase classname="Ticketing.TicketPageTest" name="TicketPageTestReplyTicket" time="0.0">
    <skipped/>
  </testcase> <!-- TicketPageTestReplyTicket -->
  <testcase classname="Ticketing.TicketPageTest" name="TicketPageTestReplyTicketByClickingNotification" time="0.0">
    <skipped/>
  </testcase> <!-- TicketPageTestReplyTicketByClickingNotification -->
  <testcase classname="Ticketing.TicketPageTest" name="TicketPageTestSendTicketToApproval" time="0.0">
    <skipped/>
  </testcase> <!-- TicketPageTestSendTicketToApproval -->
  <testcase classname="Ticketing.TicketPageTest" name="TicketPageTestApprovalTicket" time="0.0">
    <skipped/>
  </testcase> <!-- TicketPageTestApprovalTicket -->
  <testcase classname="Ticketing.TicketPageTest" name="TicketPageTestConfirmApproval" time="0.0">
    <skipped/>
  </testcase> <!-- TicketPageTestConfirmApproval -->
  <testcase classname="Ticketing.TicketPageTest" name="TicketPageTestCanNotFinishTicketWithoutRating" time="0.0">
    <skipped/>
  </testcase> <!-- TicketPageTestCanNotFinishTicketWithoutRating -->
  <testcase classname="Ticketing.TicketPageTest" name="TicketPageTestCanNotFinishTicketOfOtherAccount" time="0.0">
    <skipped/>
  </testcase> <!-- TicketPageTestCanNotFinishTicketOfOtherAccount -->
  <testcase classname="Ticketing.TicketPageTest" name="TicketPageTestFinishTicket" time="0.0">
    <skipped/>
  </testcase> <!-- TicketPageTestFinishTicket -->
  <testcase classname="Ticketing.TicketPageTest" name="TicketPageTestConfirmFinishTicket" time="0.0">
    <skipped/>
  </testcase> <!-- TicketPageTestConfirmFinishTicket -->
</testsuite> <!-- TestRun -->
